{
  "stats": {
    "suites": 33,
    "tests": 127,
    "passes": 126,
    "pending": 0,
    "failures": 1,
    "start": "2026-01-29T03:54:07.746Z",
    "end": "2026-01-29T03:54:09.821Z",
    "duration": 2075
  },
  "tests": [
    {
      "title": "1. Verificar variáveis de ambiente",
      "fullTitle": "🔍 DIAGNÓSTICO - Teste de Configuração 1. Verificar variáveis de ambiente",
      "file": "C:\\Programacao\\Alpha\\TypeScript\\Desafio-Relampago-Grupo5\\Desafio-Relampago-Grupo5\\tests\\diagnostic.test.ts",
      "duration": 4,
      "currentRetry": 0,
      "speed": "fast",
      "err": {}
    },
    {
      "title": "2. Verificar config importado",
      "fullTitle": "🔍 DIAGNÓSTICO - Teste de Configuração 2. Verificar config importado",
      "file": "C:\\Programacao\\Alpha\\TypeScript\\Desafio-Relampago-Grupo5\\Desafio-Relampago-Grupo5\\tests\\diagnostic.test.ts",
      "duration": 2,
      "currentRetry": 0,
      "speed": "fast",
      "err": {}
    },
    {
      "title": "3. Testar geração e verificação de JWT",
      "fullTitle": "🔍 DIAGNÓSTICO - Teste de Configuração 3. Testar geração e verificação de JWT",
      "file": "C:\\Programacao\\Alpha\\TypeScript\\Desafio-Relampago-Grupo5\\Desafio-Relampago-Grupo5\\tests\\diagnostic.test.ts",
      "duration": 16,
      "currentRetry": 0,
      "speed": "fast",
      "err": {}
    },
    {
      "title": "4. Testar se JWT_SECRET é consistente",
      "fullTitle": "🔍 DIAGNÓSTICO - Teste de Configuração 4. Testar se JWT_SECRET é consistente",
      "file": "C:\\Programacao\\Alpha\\TypeScript\\Desafio-Relampago-Grupo5\\Desafio-Relampago-Grupo5\\tests\\diagnostic.test.ts",
      "duration": 5,
      "currentRetry": 0,
      "speed": "fast",
      "err": {}
    },
    {
      "title": "5. Verificar AuthService",
      "fullTitle": "🔍 DIAGNÓSTICO - Teste de Configuração 5. Verificar AuthService",
      "file": "C:\\Programacao\\Alpha\\TypeScript\\Desafio-Relampago-Grupo5\\Desafio-Relampago-Grupo5\\tests\\diagnostic.test.ts",
      "duration": 10,
      "currentRetry": 0,
      "speed": "fast",
      "err": {}
    },
    {
      "title": "6. Resumo do diagnóstico",
      "fullTitle": "🔍 DIAGNÓSTICO - Teste de Configuração 6. Resumo do diagnóstico",
      "file": "C:\\Programacao\\Alpha\\TypeScript\\Desafio-Relampago-Grupo5\\Desafio-Relampago-Grupo5\\tests\\diagnostic.test.ts",
      "duration": 2,
      "currentRetry": 0,
      "speed": "fast",
      "err": {}
    },
    {
      "title": "admin deve listar todos os usuários",
      "fullTitle": "CRUD de Admin - Gerenciamento de Usuários GET /api/users - Listar Usuários admin deve listar todos os usuários",
      "file": "C:\\Programacao\\Alpha\\TypeScript\\Desafio-Relampago-Grupo5\\Desafio-Relampago-Grupo5\\tests\\integration\\admin.crud.test.ts",
      "duration": 9,
      "currentRetry": 0,
      "speed": "fast",
      "err": {}
    },
    {
      "title": "usuário comum não deve listar todos os usuários",
      "fullTitle": "CRUD de Admin - Gerenciamento de Usuários GET /api/users - Listar Usuários usuário comum não deve listar todos os usuários",
      "file": "C:\\Programacao\\Alpha\\TypeScript\\Desafio-Relampago-Grupo5\\Desafio-Relampago-Grupo5\\tests\\integration\\admin.crud.test.ts",
      "duration": 5,
      "currentRetry": 0,
      "speed": "fast",
      "err": {}
    },
    {
      "title": "não deve listar usuários sem autenticação",
      "fullTitle": "CRUD de Admin - Gerenciamento de Usuários GET /api/users - Listar Usuários não deve listar usuários sem autenticação",
      "file": "C:\\Programacao\\Alpha\\TypeScript\\Desafio-Relampago-Grupo5\\Desafio-Relampago-Grupo5\\tests\\integration\\admin.crud.test.ts",
      "duration": 4,
      "currentRetry": 0,
      "speed": "fast",
      "err": {}
    },
    {
      "title": "admin deve buscar usuário por ID",
      "fullTitle": "CRUD de Admin - Gerenciamento de Usuários GET /api/users/:id - Buscar Usuário por ID admin deve buscar usuário por ID",
      "file": "C:\\Programacao\\Alpha\\TypeScript\\Desafio-Relampago-Grupo5\\Desafio-Relampago-Grupo5\\tests\\integration\\admin.crud.test.ts",
      "duration": 7,
      "currentRetry": 0,
      "speed": "fast",
      "err": {}
    },
    {
      "title": "deve retornar 404 para ID inexistente",
      "fullTitle": "CRUD de Admin - Gerenciamento de Usuários GET /api/users/:id - Buscar Usuário por ID deve retornar 404 para ID inexistente",
      "file": "C:\\Programacao\\Alpha\\TypeScript\\Desafio-Relampago-Grupo5\\Desafio-Relampago-Grupo5\\tests\\integration\\admin.crud.test.ts",
      "duration": 5,
      "currentRetry": 0,
      "speed": "fast",
      "err": {}
    },
    {
      "title": "usuário comum não deve buscar outros usuários",
      "fullTitle": "CRUD de Admin - Gerenciamento de Usuários GET /api/users/:id - Buscar Usuário por ID usuário comum não deve buscar outros usuários",
      "file": "C:\\Programacao\\Alpha\\TypeScript\\Desafio-Relampago-Grupo5\\Desafio-Relampago-Grupo5\\tests\\integration\\admin.crud.test.ts",
      "duration": 8,
      "currentRetry": 0,
      "speed": "fast",
      "err": {}
    },
    {
      "title": "admin deve atualizar dados do usuário",
      "fullTitle": "CRUD de Admin - Gerenciamento de Usuários PUT /api/users/:id - Atualizar Usuário admin deve atualizar dados do usuário",
      "file": "C:\\Programacao\\Alpha\\TypeScript\\Desafio-Relampago-Grupo5\\Desafio-Relampago-Grupo5\\tests\\integration\\admin.crud.test.ts",
      "duration": 9,
      "currentRetry": 0,
      "speed": "fast",
      "err": {}
    },
    {
      "title": "admin deve atualizar plano do usuário",
      "fullTitle": "CRUD de Admin - Gerenciamento de Usuários PUT /api/users/:id - Atualizar Usuário admin deve atualizar plano do usuário",
      "file": "C:\\Programacao\\Alpha\\TypeScript\\Desafio-Relampago-Grupo5\\Desafio-Relampago-Grupo5\\tests\\integration\\admin.crud.test.ts",
      "duration": 6,
      "currentRetry": 0,
      "speed": "fast",
      "err": {}
    },
    {
      "title": "não deve atualizar com email inválido",
      "fullTitle": "CRUD de Admin - Gerenciamento de Usuários PUT /api/users/:id - Atualizar Usuário não deve atualizar com email inválido",
      "file": "C:\\Programacao\\Alpha\\TypeScript\\Desafio-Relampago-Grupo5\\Desafio-Relampago-Grupo5\\tests\\integration\\admin.crud.test.ts",
      "duration": 4,
      "currentRetry": 0,
      "speed": "fast",
      "err": {}
    },
    {
      "title": "não deve atualizar com CPF inválido",
      "fullTitle": "CRUD de Admin - Gerenciamento de Usuários PUT /api/users/:id - Atualizar Usuário não deve atualizar com CPF inválido",
      "file": "C:\\Programacao\\Alpha\\TypeScript\\Desafio-Relampago-Grupo5\\Desafio-Relampago-Grupo5\\tests\\integration\\admin.crud.test.ts",
      "duration": 5,
      "currentRetry": 0,
      "speed": "fast",
      "err": {}
    },
    {
      "title": "não deve atualizar senha com menos de 6 caracteres",
      "fullTitle": "CRUD de Admin - Gerenciamento de Usuários PUT /api/users/:id - Atualizar Usuário não deve atualizar senha com menos de 6 caracteres",
      "file": "C:\\Programacao\\Alpha\\TypeScript\\Desafio-Relampago-Grupo5\\Desafio-Relampago-Grupo5\\tests\\integration\\admin.crud.test.ts",
      "duration": 5,
      "currentRetry": 0,
      "speed": "fast",
      "err": {}
    },
    {
      "title": "usuário comum não deve atualizar outros usuários",
      "fullTitle": "CRUD de Admin - Gerenciamento de Usuários PUT /api/users/:id - Atualizar Usuário usuário comum não deve atualizar outros usuários",
      "file": "C:\\Programacao\\Alpha\\TypeScript\\Desafio-Relampago-Grupo5\\Desafio-Relampago-Grupo5\\tests\\integration\\admin.crud.test.ts",
      "duration": 5,
      "currentRetry": 0,
      "speed": "fast",
      "err": {}
    },
    {
      "title": "deve retornar 404 ao tentar atualizar usuário inexistente",
      "fullTitle": "CRUD de Admin - Gerenciamento de Usuários PUT /api/users/:id - Atualizar Usuário deve retornar 404 ao tentar atualizar usuário inexistente",
      "file": "C:\\Programacao\\Alpha\\TypeScript\\Desafio-Relampago-Grupo5\\Desafio-Relampago-Grupo5\\tests\\integration\\admin.crud.test.ts",
      "duration": 6,
      "currentRetry": 0,
      "speed": "fast",
      "err": {}
    },
    {
      "title": "admin deve deletar usuário",
      "fullTitle": "CRUD de Admin - Gerenciamento de Usuários DELETE /api/users/:id - Deletar Usuário admin deve deletar usuário",
      "file": "C:\\Programacao\\Alpha\\TypeScript\\Desafio-Relampago-Grupo5\\Desafio-Relampago-Grupo5\\tests\\integration\\admin.crud.test.ts",
      "duration": 90,
      "currentRetry": 0,
      "speed": "slow",
      "err": {}
    },
    {
      "title": "deve retornar 404 ao tentar deletar usuário inexistente",
      "fullTitle": "CRUD de Admin - Gerenciamento de Usuários DELETE /api/users/:id - Deletar Usuário deve retornar 404 ao tentar deletar usuário inexistente",
      "file": "C:\\Programacao\\Alpha\\TypeScript\\Desafio-Relampago-Grupo5\\Desafio-Relampago-Grupo5\\tests\\integration\\admin.crud.test.ts",
      "duration": 5,
      "currentRetry": 0,
      "speed": "fast",
      "err": {}
    },
    {
      "title": "usuário comum não deve deletar outros usuários",
      "fullTitle": "CRUD de Admin - Gerenciamento de Usuários DELETE /api/users/:id - Deletar Usuário usuário comum não deve deletar outros usuários",
      "file": "C:\\Programacao\\Alpha\\TypeScript\\Desafio-Relampago-Grupo5\\Desafio-Relampago-Grupo5\\tests\\integration\\admin.crud.test.ts",
      "duration": 4,
      "currentRetry": 0,
      "speed": "fast",
      "err": {}
    },
    {
      "title": "não deve deletar sem autenticação",
      "fullTitle": "CRUD de Admin - Gerenciamento de Usuários DELETE /api/users/:id - Deletar Usuário não deve deletar sem autenticação",
      "file": "C:\\Programacao\\Alpha\\TypeScript\\Desafio-Relampago-Grupo5\\Desafio-Relampago-Grupo5\\tests\\integration\\admin.crud.test.ts",
      "duration": 3,
      "currentRetry": 0,
      "speed": "fast",
      "err": {}
    },
    {
      "title": "admin deve ter acesso a todas as operações",
      "fullTitle": "CRUD de Admin - Gerenciamento de Usuários Testes de Permissões Gerais admin deve ter acesso a todas as operações",
      "file": "C:\\Programacao\\Alpha\\TypeScript\\Desafio-Relampago-Grupo5\\Desafio-Relampago-Grupo5\\tests\\integration\\admin.crud.test.ts",
      "duration": 15,
      "currentRetry": 0,
      "speed": "fast",
      "err": {}
    },
    {
      "title": "usuário comum deve ter acesso negado a operações administrativas",
      "fullTitle": "CRUD de Admin - Gerenciamento de Usuários Testes de Permissões Gerais usuário comum deve ter acesso negado a operações administrativas",
      "file": "C:\\Programacao\\Alpha\\TypeScript\\Desafio-Relampago-Grupo5\\Desafio-Relampago-Grupo5\\tests\\integration\\admin.crud.test.ts",
      "duration": 19,
      "currentRetry": 0,
      "speed": "fast",
      "err": {}
    },
    {
      "title": "deve logar com credenciais válidas",
      "fullTitle": "Autenticação POST /api/auth/login deve logar com credenciais válidas",
      "file": "C:\\Programacao\\Alpha\\TypeScript\\Desafio-Relampago-Grupo5\\Desafio-Relampago-Grupo5\\tests\\integration\\auth.test.ts",
      "duration": 84,
      "currentRetry": 0,
      "speed": "slow",
      "err": {}
    },
    {
      "title": "deve falhar com senha incorreta",
      "fullTitle": "Autenticação POST /api/auth/login deve falhar com senha incorreta",
      "file": "C:\\Programacao\\Alpha\\TypeScript\\Desafio-Relampago-Grupo5\\Desafio-Relampago-Grupo5\\tests\\integration\\auth.test.ts",
      "duration": 78,
      "currentRetry": 0,
      "speed": "slow",
      "err": {}
    },
    {
      "title": "deve falhar com email inválido",
      "fullTitle": "Autenticação POST /api/auth/login deve falhar com email inválido",
      "file": "C:\\Programacao\\Alpha\\TypeScript\\Desafio-Relampago-Grupo5\\Desafio-Relampago-Grupo5\\tests\\integration\\auth.test.ts",
      "duration": 5,
      "currentRetry": 0,
      "speed": "fast",
      "err": {}
    },
    {
      "title": "deve falhar com email com espaços",
      "fullTitle": "Autenticação POST /api/auth/login deve falhar com email com espaços",
      "file": "C:\\Programacao\\Alpha\\TypeScript\\Desafio-Relampago-Grupo5\\Desafio-Relampago-Grupo5\\tests\\integration\\auth.test.ts",
      "duration": 4,
      "currentRetry": 0,
      "speed": "fast",
      "err": {}
    },
    {
      "title": "deve falhar com senha vazia",
      "fullTitle": "Autenticação POST /api/auth/login deve falhar com senha vazia",
      "file": "C:\\Programacao\\Alpha\\TypeScript\\Desafio-Relampago-Grupo5\\Desafio-Relampago-Grupo5\\tests\\integration\\auth.test.ts",
      "duration": 3,
      "currentRetry": 0,
      "speed": "fast",
      "err": {}
    },
    {
      "title": "deve falhar com senha muito curta",
      "fullTitle": "Autenticação POST /api/auth/login deve falhar com senha muito curta",
      "file": "C:\\Programacao\\Alpha\\TypeScript\\Desafio-Relampago-Grupo5\\Desafio-Relampago-Grupo5\\tests\\integration\\auth.test.ts",
      "duration": 4,
      "currentRetry": 0,
      "speed": "fast",
      "err": {}
    },
    {
      "title": "deve falhar com senha com espaços",
      "fullTitle": "Autenticação POST /api/auth/login deve falhar com senha com espaços",
      "file": "C:\\Programacao\\Alpha\\TypeScript\\Desafio-Relampago-Grupo5\\Desafio-Relampago-Grupo5\\tests\\integration\\auth.test.ts",
      "duration": 4,
      "currentRetry": 0,
      "speed": "fast",
      "err": {}
    },
    {
      "title": "deve falhar sem email",
      "fullTitle": "Autenticação POST /api/auth/login deve falhar sem email",
      "file": "C:\\Programacao\\Alpha\\TypeScript\\Desafio-Relampago-Grupo5\\Desafio-Relampago-Grupo5\\tests\\integration\\auth.test.ts",
      "duration": 4,
      "currentRetry": 0,
      "speed": "fast",
      "err": {}
    },
    {
      "title": "deve falhar sem senha",
      "fullTitle": "Autenticação POST /api/auth/login deve falhar sem senha",
      "file": "C:\\Programacao\\Alpha\\TypeScript\\Desafio-Relampago-Grupo5\\Desafio-Relampago-Grupo5\\tests\\integration\\auth.test.ts",
      "duration": 3,
      "currentRetry": 0,
      "speed": "fast",
      "err": {}
    },
    {
      "title": "deve falhar com usuário inexistente",
      "fullTitle": "Autenticação POST /api/auth/login deve falhar com usuário inexistente",
      "file": "C:\\Programacao\\Alpha\\TypeScript\\Desafio-Relampago-Grupo5\\Desafio-Relampago-Grupo5\\tests\\integration\\auth.test.ts",
      "duration": 5,
      "currentRetry": 0,
      "speed": "fast",
      "err": {}
    },
    {
      "title": "admin deve criar aluno com plano mensal",
      "fullTitle": "Cadastro de Usuário POST /api/users - Criação válida admin deve criar aluno com plano mensal",
      "file": "C:\\Programacao\\Alpha\\TypeScript\\Desafio-Relampago-Grupo5\\Desafio-Relampago-Grupo5\\tests\\integration\\user.create.test.ts",
      "duration": 83,
      "currentRetry": 0,
      "speed": "slow",
      "err": {}
    },
    {
      "title": "admin deve criar aluno com plano anual",
      "fullTitle": "Cadastro de Usuário POST /api/users - Criação válida admin deve criar aluno com plano anual",
      "file": "C:\\Programacao\\Alpha\\TypeScript\\Desafio-Relampago-Grupo5\\Desafio-Relampago-Grupo5\\tests\\integration\\user.create.test.ts",
      "duration": 82,
      "currentRetry": 0,
      "err": {
        "message": "expected 'mensal' to equal 'anual'",
        "showDiff": true,
        "actual": "mensal",
        "expected": "anual",
        "operator": "strictEqual",
        "stack": "AssertionError: expected 'mensal' to equal 'anual'\n    at Context.<anonymous> (tests\\integration\\user.create.test.ts:62:36)\n    at processTicksAndRejections (node:internal/process/task_queues:105:5)"
      }
    },
    {
      "title": "não deve permitir CPF com letras",
      "fullTitle": "Cadastro de Usuário POST /api/users - Validação de CPF não deve permitir CPF com letras",
      "file": "C:\\Programacao\\Alpha\\TypeScript\\Desafio-Relampago-Grupo5\\Desafio-Relampago-Grupo5\\tests\\integration\\user.create.test.ts",
      "duration": 5,
      "currentRetry": 0,
      "speed": "fast",
      "err": {}
    },
    {
      "title": "não deve permitir CPF com menos de 11 dígitos",
      "fullTitle": "Cadastro de Usuário POST /api/users - Validação de CPF não deve permitir CPF com menos de 11 dígitos",
      "file": "C:\\Programacao\\Alpha\\TypeScript\\Desafio-Relampago-Grupo5\\Desafio-Relampago-Grupo5\\tests\\integration\\user.create.test.ts",
      "duration": 4,
      "currentRetry": 0,
      "speed": "fast",
      "err": {}
    },
    {
      "title": "não deve permitir CPF com mais de 11 dígitos",
      "fullTitle": "Cadastro de Usuário POST /api/users - Validação de CPF não deve permitir CPF com mais de 11 dígitos",
      "file": "C:\\Programacao\\Alpha\\TypeScript\\Desafio-Relampago-Grupo5\\Desafio-Relampago-Grupo5\\tests\\integration\\user.create.test.ts",
      "duration": 5,
      "currentRetry": 0,
      "speed": "fast",
      "err": {}
    },
    {
      "title": "não deve permitir CPF vazio",
      "fullTitle": "Cadastro de Usuário POST /api/users - Validação de CPF não deve permitir CPF vazio",
      "file": "C:\\Programacao\\Alpha\\TypeScript\\Desafio-Relampago-Grupo5\\Desafio-Relampago-Grupo5\\tests\\integration\\user.create.test.ts",
      "duration": 4,
      "currentRetry": 0,
      "speed": "fast",
      "err": {}
    },
    {
      "title": "não deve permitir CPF com caracteres especiais",
      "fullTitle": "Cadastro de Usuário POST /api/users - Validação de CPF não deve permitir CPF com caracteres especiais",
      "file": "C:\\Programacao\\Alpha\\TypeScript\\Desafio-Relampago-Grupo5\\Desafio-Relampago-Grupo5\\tests\\integration\\user.create.test.ts",
      "duration": 4,
      "currentRetry": 0,
      "speed": "fast",
      "err": {}
    },
    {
      "title": "não deve permitir email inválido",
      "fullTitle": "Cadastro de Usuário POST /api/users - Validação de Email não deve permitir email inválido",
      "file": "C:\\Programacao\\Alpha\\TypeScript\\Desafio-Relampago-Grupo5\\Desafio-Relampago-Grupo5\\tests\\integration\\user.create.test.ts",
      "duration": 5,
      "currentRetry": 0,
      "speed": "fast",
      "err": {}
    },
    {
      "title": "não deve permitir email com espaço",
      "fullTitle": "Cadastro de Usuário POST /api/users - Validação de Email não deve permitir email com espaço",
      "file": "C:\\Programacao\\Alpha\\TypeScript\\Desafio-Relampago-Grupo5\\Desafio-Relampago-Grupo5\\tests\\integration\\user.create.test.ts",
      "duration": 5,
      "currentRetry": 0,
      "speed": "fast",
      "err": {}
    },
    {
      "title": "não deve permitir email duplicado",
      "fullTitle": "Cadastro de Usuário POST /api/users - Validação de Email não deve permitir email duplicado",
      "file": "C:\\Programacao\\Alpha\\TypeScript\\Desafio-Relampago-Grupo5\\Desafio-Relampago-Grupo5\\tests\\integration\\user.create.test.ts",
      "duration": 12,
      "currentRetry": 0,
      "speed": "fast",
      "err": {}
    },
    {
      "title": "não deve permitir senha com menos de 6 caracteres",
      "fullTitle": "Cadastro de Usuário POST /api/users - Validação de Senha não deve permitir senha com menos de 6 caracteres",
      "file": "C:\\Programacao\\Alpha\\TypeScript\\Desafio-Relampago-Grupo5\\Desafio-Relampago-Grupo5\\tests\\integration\\user.create.test.ts",
      "duration": 5,
      "currentRetry": 0,
      "speed": "fast",
      "err": {}
    },
    {
      "title": "não deve permitir senha com espaços",
      "fullTitle": "Cadastro de Usuário POST /api/users - Validação de Senha não deve permitir senha com espaços",
      "file": "C:\\Programacao\\Alpha\\TypeScript\\Desafio-Relampago-Grupo5\\Desafio-Relampago-Grupo5\\tests\\integration\\user.create.test.ts",
      "duration": 5,
      "currentRetry": 0,
      "speed": "fast",
      "err": {}
    },
    {
      "title": "não deve permitir senha vazia",
      "fullTitle": "Cadastro de Usuário POST /api/users - Validação de Senha não deve permitir senha vazia",
      "file": "C:\\Programacao\\Alpha\\TypeScript\\Desafio-Relampago-Grupo5\\Desafio-Relampago-Grupo5\\tests\\integration\\user.create.test.ts",
      "duration": 6,
      "currentRetry": 0,
      "speed": "fast",
      "err": {}
    },
    {
      "title": "não deve permitir criar usuário sem nome",
      "fullTitle": "Cadastro de Usuário POST /api/users - Validação de Campos Obrigatórios não deve permitir criar usuário sem nome",
      "file": "C:\\Programacao\\Alpha\\TypeScript\\Desafio-Relampago-Grupo5\\Desafio-Relampago-Grupo5\\tests\\integration\\user.create.test.ts",
      "duration": 5,
      "currentRetry": 0,
      "speed": "fast",
      "err": {}
    },
    {
      "title": "não deve permitir criar usuário sem role",
      "fullTitle": "Cadastro de Usuário POST /api/users - Validação de Campos Obrigatórios não deve permitir criar usuário sem role",
      "file": "C:\\Programacao\\Alpha\\TypeScript\\Desafio-Relampago-Grupo5\\Desafio-Relampago-Grupo5\\tests\\integration\\user.create.test.ts",
      "duration": 5,
      "currentRetry": 0,
      "speed": "fast",
      "err": {}
    },
    {
      "title": "não deve permitir criar usuário sem token",
      "fullTitle": "Cadastro de Usuário POST /api/users - Autorização não deve permitir criar usuário sem token",
      "file": "C:\\Programacao\\Alpha\\TypeScript\\Desafio-Relampago-Grupo5\\Desafio-Relampago-Grupo5\\tests\\integration\\user.create.test.ts",
      "duration": 4,
      "currentRetry": 0,
      "speed": "fast",
      "err": {}
    },
    {
      "title": "não deve permitir criar usuário com token inválido",
      "fullTitle": "Cadastro de Usuário POST /api/users - Autorização não deve permitir criar usuário com token inválido",
      "file": "C:\\Programacao\\Alpha\\TypeScript\\Desafio-Relampago-Grupo5\\Desafio-Relampago-Grupo5\\tests\\integration\\user.create.test.ts",
      "duration": 3,
      "currentRetry": 0,
      "speed": "fast",
      "err": {}
    },
    {
      "title": "deve validar email simples",
      "fullTitle": "Testes de Validadores - Funções Utilitárias isValidEmail Emails válidos deve validar email simples",
      "file": "C:\\Programacao\\Alpha\\TypeScript\\Desafio-Relampago-Grupo5\\Desafio-Relampago-Grupo5\\tests\\unit\\validators.test.ts",
      "duration": 0,
      "currentRetry": 0,
      "speed": "fast",
      "err": {}
    },
    {
      "title": "deve validar email com números",
      "fullTitle": "Testes de Validadores - Funções Utilitárias isValidEmail Emails válidos deve validar email com números",
      "file": "C:\\Programacao\\Alpha\\TypeScript\\Desafio-Relampago-Grupo5\\Desafio-Relampago-Grupo5\\tests\\unit\\validators.test.ts",
      "duration": 0,
      "currentRetry": 0,
      "speed": "fast",
      "err": {}
    },
    {
      "title": "deve validar email com pontos",
      "fullTitle": "Testes de Validadores - Funções Utilitárias isValidEmail Emails válidos deve validar email com pontos",
      "file": "C:\\Programacao\\Alpha\\TypeScript\\Desafio-Relampago-Grupo5\\Desafio-Relampago-Grupo5\\tests\\unit\\validators.test.ts",
      "duration": 0,
      "currentRetry": 0,
      "speed": "fast",
      "err": {}
    },
    {
      "title": "deve validar email com hífen",
      "fullTitle": "Testes de Validadores - Funções Utilitárias isValidEmail Emails válidos deve validar email com hífen",
      "file": "C:\\Programacao\\Alpha\\TypeScript\\Desafio-Relampago-Grupo5\\Desafio-Relampago-Grupo5\\tests\\unit\\validators.test.ts",
      "duration": 0,
      "currentRetry": 0,
      "speed": "fast",
      "err": {}
    },
    {
      "title": "deve validar email com subdomínio",
      "fullTitle": "Testes de Validadores - Funções Utilitárias isValidEmail Emails válidos deve validar email com subdomínio",
      "file": "C:\\Programacao\\Alpha\\TypeScript\\Desafio-Relampago-Grupo5\\Desafio-Relampago-Grupo5\\tests\\unit\\validators.test.ts",
      "duration": 0,
      "currentRetry": 0,
      "speed": "fast",
      "err": {}
    },
    {
      "title": "deve rejeitar email sem @",
      "fullTitle": "Testes de Validadores - Funções Utilitárias isValidEmail Emails inválidos deve rejeitar email sem @",
      "file": "C:\\Programacao\\Alpha\\TypeScript\\Desafio-Relampago-Grupo5\\Desafio-Relampago-Grupo5\\tests\\unit\\validators.test.ts",
      "duration": 1,
      "currentRetry": 0,
      "speed": "fast",
      "err": {}
    },
    {
      "title": "deve rejeitar email sem domínio",
      "fullTitle": "Testes de Validadores - Funções Utilitárias isValidEmail Emails inválidos deve rejeitar email sem domínio",
      "file": "C:\\Programacao\\Alpha\\TypeScript\\Desafio-Relampago-Grupo5\\Desafio-Relampago-Grupo5\\tests\\unit\\validators.test.ts",
      "duration": 0,
      "currentRetry": 0,
      "speed": "fast",
      "err": {}
    },
    {
      "title": "deve rejeitar email sem usuário",
      "fullTitle": "Testes de Validadores - Funções Utilitárias isValidEmail Emails inválidos deve rejeitar email sem usuário",
      "file": "C:\\Programacao\\Alpha\\TypeScript\\Desafio-Relampago-Grupo5\\Desafio-Relampago-Grupo5\\tests\\unit\\validators.test.ts",
      "duration": 0,
      "currentRetry": 0,
      "speed": "fast",
      "err": {}
    },
    {
      "title": "deve rejeitar email com espaço antes do @",
      "fullTitle": "Testes de Validadores - Funções Utilitárias isValidEmail Emails inválidos deve rejeitar email com espaço antes do @",
      "file": "C:\\Programacao\\Alpha\\TypeScript\\Desafio-Relampago-Grupo5\\Desafio-Relampago-Grupo5\\tests\\unit\\validators.test.ts",
      "duration": 0,
      "currentRetry": 0,
      "speed": "fast",
      "err": {}
    },
    {
      "title": "deve rejeitar email com espaço depois do @",
      "fullTitle": "Testes de Validadores - Funções Utilitárias isValidEmail Emails inválidos deve rejeitar email com espaço depois do @",
      "file": "C:\\Programacao\\Alpha\\TypeScript\\Desafio-Relampago-Grupo5\\Desafio-Relampago-Grupo5\\tests\\unit\\validators.test.ts",
      "duration": 0,
      "currentRetry": 0,
      "speed": "fast",
      "err": {}
    },
    {
      "title": "deve rejeitar email com espaços no meio",
      "fullTitle": "Testes de Validadores - Funções Utilitárias isValidEmail Emails inválidos deve rejeitar email com espaços no meio",
      "file": "C:\\Programacao\\Alpha\\TypeScript\\Desafio-Relampago-Grupo5\\Desafio-Relampago-Grupo5\\tests\\unit\\validators.test.ts",
      "duration": 0,
      "currentRetry": 0,
      "speed": "fast",
      "err": {}
    },
    {
      "title": "deve rejeitar email com espaço no início",
      "fullTitle": "Testes de Validadores - Funções Utilitárias isValidEmail Emails inválidos deve rejeitar email com espaço no início",
      "file": "C:\\Programacao\\Alpha\\TypeScript\\Desafio-Relampago-Grupo5\\Desafio-Relampago-Grupo5\\tests\\unit\\validators.test.ts",
      "duration": 0,
      "currentRetry": 0,
      "speed": "fast",
      "err": {}
    },
    {
      "title": "deve rejeitar email com espaço no final",
      "fullTitle": "Testes de Validadores - Funções Utilitárias isValidEmail Emails inválidos deve rejeitar email com espaço no final",
      "file": "C:\\Programacao\\Alpha\\TypeScript\\Desafio-Relampago-Grupo5\\Desafio-Relampago-Grupo5\\tests\\unit\\validators.test.ts",
      "duration": 0,
      "currentRetry": 0,
      "speed": "fast",
      "err": {}
    },
    {
      "title": "deve rejeitar email vazio",
      "fullTitle": "Testes de Validadores - Funções Utilitárias isValidEmail Emails inválidos deve rejeitar email vazio",
      "file": "C:\\Programacao\\Alpha\\TypeScript\\Desafio-Relampago-Grupo5\\Desafio-Relampago-Grupo5\\tests\\unit\\validators.test.ts",
      "duration": 0,
      "currentRetry": 0,
      "speed": "fast",
      "err": {}
    },
    {
      "title": "deve rejeitar email com múltiplos @",
      "fullTitle": "Testes de Validadores - Funções Utilitárias isValidEmail Emails inválidos deve rejeitar email com múltiplos @",
      "file": "C:\\Programacao\\Alpha\\TypeScript\\Desafio-Relampago-Grupo5\\Desafio-Relampago-Grupo5\\tests\\unit\\validators.test.ts",
      "duration": 0,
      "currentRetry": 0,
      "speed": "fast",
      "err": {}
    },
    {
      "title": "deve aceitar senha com 6 caracteres",
      "fullTitle": "Testes de Validadores - Funções Utilitárias isValidPassword Senhas válidas deve aceitar senha com 6 caracteres",
      "file": "C:\\Programacao\\Alpha\\TypeScript\\Desafio-Relampago-Grupo5\\Desafio-Relampago-Grupo5\\tests\\unit\\validators.test.ts",
      "duration": 0,
      "currentRetry": 0,
      "speed": "fast",
      "err": {}
    },
    {
      "title": "deve aceitar senha com mais de 6 caracteres",
      "fullTitle": "Testes de Validadores - Funções Utilitárias isValidPassword Senhas válidas deve aceitar senha com mais de 6 caracteres",
      "file": "C:\\Programacao\\Alpha\\TypeScript\\Desafio-Relampago-Grupo5\\Desafio-Relampago-Grupo5\\tests\\unit\\validators.test.ts",
      "duration": 0,
      "currentRetry": 0,
      "speed": "fast",
      "err": {}
    },
    {
      "title": "deve aceitar senha com caracteres especiais",
      "fullTitle": "Testes de Validadores - Funções Utilitárias isValidPassword Senhas válidas deve aceitar senha com caracteres especiais",
      "file": "C:\\Programacao\\Alpha\\TypeScript\\Desafio-Relampago-Grupo5\\Desafio-Relampago-Grupo5\\tests\\unit\\validators.test.ts",
      "duration": 0,
      "currentRetry": 0,
      "speed": "fast",
      "err": {}
    },
    {
      "title": "deve aceitar senha com letras maiúsculas e minúsculas",
      "fullTitle": "Testes de Validadores - Funções Utilitárias isValidPassword Senhas válidas deve aceitar senha com letras maiúsculas e minúsculas",
      "file": "C:\\Programacao\\Alpha\\TypeScript\\Desafio-Relampago-Grupo5\\Desafio-Relampago-Grupo5\\tests\\unit\\validators.test.ts",
      "duration": 0,
      "currentRetry": 0,
      "speed": "fast",
      "err": {}
    },
    {
      "title": "deve rejeitar senha com menos de 6 caracteres",
      "fullTitle": "Testes de Validadores - Funções Utilitárias isValidPassword Senhas inválidas deve rejeitar senha com menos de 6 caracteres",
      "file": "C:\\Programacao\\Alpha\\TypeScript\\Desafio-Relampago-Grupo5\\Desafio-Relampago-Grupo5\\tests\\unit\\validators.test.ts",
      "duration": 0,
      "currentRetry": 0,
      "speed": "fast",
      "err": {}
    },
    {
      "title": "deve rejeitar senha vazia",
      "fullTitle": "Testes de Validadores - Funções Utilitárias isValidPassword Senhas inválidas deve rejeitar senha vazia",
      "file": "C:\\Programacao\\Alpha\\TypeScript\\Desafio-Relampago-Grupo5\\Desafio-Relampago-Grupo5\\tests\\unit\\validators.test.ts",
      "duration": 0,
      "currentRetry": 0,
      "speed": "fast",
      "err": {}
    },
    {
      "title": "deve rejeitar senha com espaço no meio",
      "fullTitle": "Testes de Validadores - Funções Utilitárias isValidPassword Senhas inválidas deve rejeitar senha com espaço no meio",
      "file": "C:\\Programacao\\Alpha\\TypeScript\\Desafio-Relampago-Grupo5\\Desafio-Relampago-Grupo5\\tests\\unit\\validators.test.ts",
      "duration": 0,
      "currentRetry": 0,
      "speed": "fast",
      "err": {}
    },
    {
      "title": "deve rejeitar senha com espaço no início",
      "fullTitle": "Testes de Validadores - Funções Utilitárias isValidPassword Senhas inválidas deve rejeitar senha com espaço no início",
      "file": "C:\\Programacao\\Alpha\\TypeScript\\Desafio-Relampago-Grupo5\\Desafio-Relampago-Grupo5\\tests\\unit\\validators.test.ts",
      "duration": 0,
      "currentRetry": 0,
      "speed": "fast",
      "err": {}
    },
    {
      "title": "deve rejeitar senha com espaço no final",
      "fullTitle": "Testes de Validadores - Funções Utilitárias isValidPassword Senhas inválidas deve rejeitar senha com espaço no final",
      "file": "C:\\Programacao\\Alpha\\TypeScript\\Desafio-Relampago-Grupo5\\Desafio-Relampago-Grupo5\\tests\\unit\\validators.test.ts",
      "duration": 0,
      "currentRetry": 0,
      "speed": "fast",
      "err": {}
    },
    {
      "title": "deve rejeitar senha com apenas espaços",
      "fullTitle": "Testes de Validadores - Funções Utilitárias isValidPassword Senhas inválidas deve rejeitar senha com apenas espaços",
      "file": "C:\\Programacao\\Alpha\\TypeScript\\Desafio-Relampago-Grupo5\\Desafio-Relampago-Grupo5\\tests\\unit\\validators.test.ts",
      "duration": 1,
      "currentRetry": 0,
      "speed": "fast",
      "err": {}
    },
    {
      "title": "deve rejeitar senha com 5 caracteres",
      "fullTitle": "Testes de Validadores - Funções Utilitárias isValidPassword Senhas inválidas deve rejeitar senha com 5 caracteres",
      "file": "C:\\Programacao\\Alpha\\TypeScript\\Desafio-Relampago-Grupo5\\Desafio-Relampago-Grupo5\\tests\\unit\\validators.test.ts",
      "duration": 0,
      "currentRetry": 0,
      "speed": "fast",
      "err": {}
    },
    {
      "title": "deve validar CPF com 11 dígitos",
      "fullTitle": "Testes de Validadores - Funções Utilitárias isValidCPF CPFs válidos deve validar CPF com 11 dígitos",
      "file": "C:\\Programacao\\Alpha\\TypeScript\\Desafio-Relampago-Grupo5\\Desafio-Relampago-Grupo5\\tests\\unit\\validators.test.ts",
      "duration": 0,
      "currentRetry": 0,
      "speed": "fast",
      "err": {}
    },
    {
      "title": "deve validar CPF com zeros",
      "fullTitle": "Testes de Validadores - Funções Utilitárias isValidCPF CPFs válidos deve validar CPF com zeros",
      "file": "C:\\Programacao\\Alpha\\TypeScript\\Desafio-Relampago-Grupo5\\Desafio-Relampago-Grupo5\\tests\\unit\\validators.test.ts",
      "duration": 0,
      "currentRetry": 0,
      "speed": "fast",
      "err": {}
    },
    {
      "title": "deve validar CPF com dígitos repetidos",
      "fullTitle": "Testes de Validadores - Funções Utilitárias isValidCPF CPFs válidos deve validar CPF com dígitos repetidos",
      "file": "C:\\Programacao\\Alpha\\TypeScript\\Desafio-Relampago-Grupo5\\Desafio-Relampago-Grupo5\\tests\\unit\\validators.test.ts",
      "duration": 0,
      "currentRetry": 0,
      "speed": "fast",
      "err": {}
    },
    {
      "title": "deve rejeitar CPF com menos de 11 dígitos",
      "fullTitle": "Testes de Validadores - Funções Utilitárias isValidCPF CPFs inválidos deve rejeitar CPF com menos de 11 dígitos",
      "file": "C:\\Programacao\\Alpha\\TypeScript\\Desafio-Relampago-Grupo5\\Desafio-Relampago-Grupo5\\tests\\unit\\validators.test.ts",
      "duration": 0,
      "currentRetry": 0,
      "speed": "fast",
      "err": {}
    },
    {
      "title": "deve rejeitar CPF com 10 dígitos",
      "fullTitle": "Testes de Validadores - Funções Utilitárias isValidCPF CPFs inválidos deve rejeitar CPF com 10 dígitos",
      "file": "C:\\Programacao\\Alpha\\TypeScript\\Desafio-Relampago-Grupo5\\Desafio-Relampago-Grupo5\\tests\\unit\\validators.test.ts",
      "duration": 0,
      "currentRetry": 0,
      "speed": "fast",
      "err": {}
    },
    {
      "title": "deve rejeitar CPF com mais de 11 dígitos",
      "fullTitle": "Testes de Validadores - Funções Utilitárias isValidCPF CPFs inválidos deve rejeitar CPF com mais de 11 dígitos",
      "file": "C:\\Programacao\\Alpha\\TypeScript\\Desafio-Relampago-Grupo5\\Desafio-Relampago-Grupo5\\tests\\unit\\validators.test.ts",
      "duration": 0,
      "currentRetry": 0,
      "speed": "fast",
      "err": {}
    },
    {
      "title": "deve rejeitar CPF com letras",
      "fullTitle": "Testes de Validadores - Funções Utilitárias isValidCPF CPFs inválidos deve rejeitar CPF com letras",
      "file": "C:\\Programacao\\Alpha\\TypeScript\\Desafio-Relampago-Grupo5\\Desafio-Relampago-Grupo5\\tests\\unit\\validators.test.ts",
      "duration": 0,
      "currentRetry": 0,
      "speed": "fast",
      "err": {}
    },
    {
      "title": "deve rejeitar CPF com letras no início",
      "fullTitle": "Testes de Validadores - Funções Utilitárias isValidCPF CPFs inválidos deve rejeitar CPF com letras no início",
      "file": "C:\\Programacao\\Alpha\\TypeScript\\Desafio-Relampago-Grupo5\\Desafio-Relampago-Grupo5\\tests\\unit\\validators.test.ts",
      "duration": 0,
      "currentRetry": 0,
      "speed": "fast",
      "err": {}
    },
    {
      "title": "deve rejeitar CPF com letras no meio",
      "fullTitle": "Testes de Validadores - Funções Utilitárias isValidCPF CPFs inválidos deve rejeitar CPF com letras no meio",
      "file": "C:\\Programacao\\Alpha\\TypeScript\\Desafio-Relampago-Grupo5\\Desafio-Relampago-Grupo5\\tests\\unit\\validators.test.ts",
      "duration": 0,
      "currentRetry": 0,
      "speed": "fast",
      "err": {}
    },
    {
      "title": "deve rejeitar CPF com letras no final",
      "fullTitle": "Testes de Validadores - Funções Utilitárias isValidCPF CPFs inválidos deve rejeitar CPF com letras no final",
      "file": "C:\\Programacao\\Alpha\\TypeScript\\Desafio-Relampago-Grupo5\\Desafio-Relampago-Grupo5\\tests\\unit\\validators.test.ts",
      "duration": 0,
      "currentRetry": 0,
      "speed": "fast",
      "err": {}
    },
    {
      "title": "deve rejeitar CPF vazio",
      "fullTitle": "Testes de Validadores - Funções Utilitárias isValidCPF CPFs inválidos deve rejeitar CPF vazio",
      "file": "C:\\Programacao\\Alpha\\TypeScript\\Desafio-Relampago-Grupo5\\Desafio-Relampago-Grupo5\\tests\\unit\\validators.test.ts",
      "duration": 0,
      "currentRetry": 0,
      "speed": "fast",
      "err": {}
    },
    {
      "title": "deve rejeitar CPF com pontos e hífen",
      "fullTitle": "Testes de Validadores - Funções Utilitárias isValidCPF CPFs inválidos deve rejeitar CPF com pontos e hífen",
      "file": "C:\\Programacao\\Alpha\\TypeScript\\Desafio-Relampago-Grupo5\\Desafio-Relampago-Grupo5\\tests\\unit\\validators.test.ts",
      "duration": 0,
      "currentRetry": 0,
      "speed": "fast",
      "err": {}
    },
    {
      "title": "deve rejeitar CPF com espaços",
      "fullTitle": "Testes de Validadores - Funções Utilitárias isValidCPF CPFs inválidos deve rejeitar CPF com espaços",
      "file": "C:\\Programacao\\Alpha\\TypeScript\\Desafio-Relampago-Grupo5\\Desafio-Relampago-Grupo5\\tests\\unit\\validators.test.ts",
      "duration": 0,
      "currentRetry": 0,
      "speed": "fast",
      "err": {}
    },
    {
      "title": "deve rejeitar CPF com caracteres especiais",
      "fullTitle": "Testes de Validadores - Funções Utilitárias isValidCPF CPFs inválidos deve rejeitar CPF com caracteres especiais",
      "file": "C:\\Programacao\\Alpha\\TypeScript\\Desafio-Relampago-Grupo5\\Desafio-Relampago-Grupo5\\tests\\unit\\validators.test.ts",
      "duration": 0,
      "currentRetry": 0,
      "speed": "fast",
      "err": {}
    },
    {
      "title": "deve validar data no formato DD/MM/YYYY",
      "fullTitle": "Testes de Validadores - Funções Utilitárias isValidDate Datas válidas deve validar data no formato DD/MM/YYYY",
      "file": "C:\\Programacao\\Alpha\\TypeScript\\Desafio-Relampago-Grupo5\\Desafio-Relampago-Grupo5\\tests\\unit\\validators.test.ts",
      "duration": 0,
      "currentRetry": 0,
      "speed": "fast",
      "err": {}
    },
    {
      "title": "deve validar data com dia 01",
      "fullTitle": "Testes de Validadores - Funções Utilitárias isValidDate Datas válidas deve validar data com dia 01",
      "file": "C:\\Programacao\\Alpha\\TypeScript\\Desafio-Relampago-Grupo5\\Desafio-Relampago-Grupo5\\tests\\unit\\validators.test.ts",
      "duration": 0,
      "currentRetry": 0,
      "speed": "fast",
      "err": {}
    },
    {
      "title": "deve validar data com último dia do mês",
      "fullTitle": "Testes de Validadores - Funções Utilitárias isValidDate Datas válidas deve validar data com último dia do mês",
      "file": "C:\\Programacao\\Alpha\\TypeScript\\Desafio-Relampago-Grupo5\\Desafio-Relampago-Grupo5\\tests\\unit\\validators.test.ts",
      "duration": 0,
      "currentRetry": 0,
      "speed": "fast",
      "err": {}
    },
    {
      "title": "deve validar data de fevereiro válida",
      "fullTitle": "Testes de Validadores - Funções Utilitárias isValidDate Datas válidas deve validar data de fevereiro válida",
      "file": "C:\\Programacao\\Alpha\\TypeScript\\Desafio-Relampago-Grupo5\\Desafio-Relampago-Grupo5\\tests\\unit\\validators.test.ts",
      "duration": 0,
      "currentRetry": 0,
      "speed": "fast",
      "err": {}
    },
    {
      "title": "deve rejeitar data no formato YYYY-MM-DD",
      "fullTitle": "Testes de Validadores - Funções Utilitárias isValidDate Datas inválidas deve rejeitar data no formato YYYY-MM-DD",
      "file": "C:\\Programacao\\Alpha\\TypeScript\\Desafio-Relampago-Grupo5\\Desafio-Relampago-Grupo5\\tests\\unit\\validators.test.ts",
      "duration": 0,
      "currentRetry": 0,
      "speed": "fast",
      "err": {}
    },
    {
      "title": "deve rejeitar data no formato MM/DD/YYYY",
      "fullTitle": "Testes de Validadores - Funções Utilitárias isValidDate Datas inválidas deve rejeitar data no formato MM/DD/YYYY",
      "file": "C:\\Programacao\\Alpha\\TypeScript\\Desafio-Relampago-Grupo5\\Desafio-Relampago-Grupo5\\tests\\unit\\validators.test.ts",
      "duration": 0,
      "currentRetry": 0,
      "speed": "fast",
      "err": {}
    },
    {
      "title": "deve rejeitar mês impossível",
      "fullTitle": "Testes de Validadores - Funções Utilitárias isValidDate Datas inválidas deve rejeitar mês impossível",
      "file": "C:\\Programacao\\Alpha\\TypeScript\\Desafio-Relampago-Grupo5\\Desafio-Relampago-Grupo5\\tests\\unit\\validators.test.ts",
      "duration": 0,
      "currentRetry": 0,
      "speed": "fast",
      "err": {}
    },
    {
      "title": "deve rejeitar dia impossível",
      "fullTitle": "Testes de Validadores - Funções Utilitárias isValidDate Datas inválidas deve rejeitar dia impossível",
      "file": "C:\\Programacao\\Alpha\\TypeScript\\Desafio-Relampago-Grupo5\\Desafio-Relampago-Grupo5\\tests\\unit\\validators.test.ts",
      "duration": 0,
      "currentRetry": 0,
      "speed": "fast",
      "err": {}
    },
    {
      "title": "deve rejeitar data completamente impossível",
      "fullTitle": "Testes de Validadores - Funções Utilitárias isValidDate Datas inválidas deve rejeitar data completamente impossível",
      "file": "C:\\Programacao\\Alpha\\TypeScript\\Desafio-Relampago-Grupo5\\Desafio-Relampago-Grupo5\\tests\\unit\\validators.test.ts",
      "duration": 0,
      "currentRetry": 0,
      "speed": "fast",
      "err": {}
    },
    {
      "title": "deve rejeitar formato ISO",
      "fullTitle": "Testes de Validadores - Funções Utilitárias isValidDate Datas inválidas deve rejeitar formato ISO",
      "file": "C:\\Programacao\\Alpha\\TypeScript\\Desafio-Relampago-Grupo5\\Desafio-Relampago-Grupo5\\tests\\unit\\validators.test.ts",
      "duration": 0,
      "currentRetry": 0,
      "speed": "fast",
      "err": {}
    },
    {
      "title": "deve rejeitar data com letras",
      "fullTitle": "Testes de Validadores - Funções Utilitárias isValidDate Datas inválidas deve rejeitar data com letras",
      "file": "C:\\Programacao\\Alpha\\TypeScript\\Desafio-Relampago-Grupo5\\Desafio-Relampago-Grupo5\\tests\\unit\\validators.test.ts",
      "duration": 0,
      "currentRetry": 0,
      "speed": "fast",
      "err": {}
    },
    {
      "title": "deve rejeitar data incompleta",
      "fullTitle": "Testes de Validadores - Funções Utilitárias isValidDate Datas inválidas deve rejeitar data incompleta",
      "file": "C:\\Programacao\\Alpha\\TypeScript\\Desafio-Relampago-Grupo5\\Desafio-Relampago-Grupo5\\tests\\unit\\validators.test.ts",
      "duration": 0,
      "currentRetry": 0,
      "speed": "fast",
      "err": {}
    },
    {
      "title": "deve rejeitar data vazia",
      "fullTitle": "Testes de Validadores - Funções Utilitárias isValidDate Datas inválidas deve rejeitar data vazia",
      "file": "C:\\Programacao\\Alpha\\TypeScript\\Desafio-Relampago-Grupo5\\Desafio-Relampago-Grupo5\\tests\\unit\\validators.test.ts",
      "duration": 0,
      "currentRetry": 0,
      "speed": "fast",
      "err": {}
    },
    {
      "title": "deve rejeitar fevereiro com dia 30",
      "fullTitle": "Testes de Validadores - Funções Utilitárias isValidDate Datas inválidas deve rejeitar fevereiro com dia 30",
      "file": "C:\\Programacao\\Alpha\\TypeScript\\Desafio-Relampago-Grupo5\\Desafio-Relampago-Grupo5\\tests\\unit\\validators.test.ts",
      "duration": 1,
      "currentRetry": 0,
      "speed": "fast",
      "err": {}
    },
    {
      "title": "deve rejeitar dia zero",
      "fullTitle": "Testes de Validadores - Funções Utilitárias isValidDate Datas inválidas deve rejeitar dia zero",
      "file": "C:\\Programacao\\Alpha\\TypeScript\\Desafio-Relampago-Grupo5\\Desafio-Relampago-Grupo5\\tests\\unit\\validators.test.ts",
      "duration": 0,
      "currentRetry": 0,
      "speed": "fast",
      "err": {}
    },
    {
      "title": "deve rejeitar mês zero",
      "fullTitle": "Testes de Validadores - Funções Utilitárias isValidDate Datas inválidas deve rejeitar mês zero",
      "file": "C:\\Programacao\\Alpha\\TypeScript\\Desafio-Relampago-Grupo5\\Desafio-Relampago-Grupo5\\tests\\unit\\validators.test.ts",
      "duration": 0,
      "currentRetry": 0,
      "speed": "fast",
      "err": {}
    },
    {
      "title": "deve validar hora no formato HH:MM",
      "fullTitle": "Testes de Validadores - Funções Utilitárias isValidTime Horários válidos deve validar hora no formato HH:MM",
      "file": "C:\\Programacao\\Alpha\\TypeScript\\Desafio-Relampago-Grupo5\\Desafio-Relampago-Grupo5\\tests\\unit\\validators.test.ts",
      "duration": 1,
      "currentRetry": 0,
      "speed": "fast",
      "err": {}
    },
    {
      "title": "deve validar hora 00:00",
      "fullTitle": "Testes de Validadores - Funções Utilitárias isValidTime Horários válidos deve validar hora 00:00",
      "file": "C:\\Programacao\\Alpha\\TypeScript\\Desafio-Relampago-Grupo5\\Desafio-Relampago-Grupo5\\tests\\unit\\validators.test.ts",
      "duration": 0,
      "currentRetry": 0,
      "speed": "fast",
      "err": {}
    },
    {
      "title": "deve validar hora 23:59",
      "fullTitle": "Testes de Validadores - Funções Utilitárias isValidTime Horários válidos deve validar hora 23:59",
      "file": "C:\\Programacao\\Alpha\\TypeScript\\Desafio-Relampago-Grupo5\\Desafio-Relampago-Grupo5\\tests\\unit\\validators.test.ts",
      "duration": 0,
      "currentRetry": 0,
      "speed": "fast",
      "err": {}
    },
    {
      "title": "deve validar hora meio-dia",
      "fullTitle": "Testes de Validadores - Funções Utilitárias isValidTime Horários válidos deve validar hora meio-dia",
      "file": "C:\\Programacao\\Alpha\\TypeScript\\Desafio-Relampago-Grupo5\\Desafio-Relampago-Grupo5\\tests\\unit\\validators.test.ts",
      "duration": 0,
      "currentRetry": 0,
      "speed": "fast",
      "err": {}
    },
    {
      "title": "deve validar hora com minuto zero",
      "fullTitle": "Testes de Validadores - Funções Utilitárias isValidTime Horários válidos deve validar hora com minuto zero",
      "file": "C:\\Programacao\\Alpha\\TypeScript\\Desafio-Relampago-Grupo5\\Desafio-Relampago-Grupo5\\tests\\unit\\validators.test.ts",
      "duration": 0,
      "currentRetry": 0,
      "speed": "fast",
      "err": {}
    },
    {
      "title": "deve rejeitar hora 25:00",
      "fullTitle": "Testes de Validadores - Funções Utilitárias isValidTime Horários inválidos deve rejeitar hora 25:00",
      "file": "C:\\Programacao\\Alpha\\TypeScript\\Desafio-Relampago-Grupo5\\Desafio-Relampago-Grupo5\\tests\\unit\\validators.test.ts",
      "duration": 0,
      "currentRetry": 0,
      "speed": "fast",
      "err": {}
    },
    {
      "title": "deve rejeitar hora 24:00",
      "fullTitle": "Testes de Validadores - Funções Utilitárias isValidTime Horários inválidos deve rejeitar hora 24:00",
      "file": "C:\\Programacao\\Alpha\\TypeScript\\Desafio-Relampago-Grupo5\\Desafio-Relampago-Grupo5\\tests\\unit\\validators.test.ts",
      "duration": 0,
      "currentRetry": 0,
      "speed": "fast",
      "err": {}
    },
    {
      "title": "deve rejeitar minuto 60",
      "fullTitle": "Testes de Validadores - Funções Utilitárias isValidTime Horários inválidos deve rejeitar minuto 60",
      "file": "C:\\Programacao\\Alpha\\TypeScript\\Desafio-Relampago-Grupo5\\Desafio-Relampago-Grupo5\\tests\\unit\\validators.test.ts",
      "duration": 0,
      "currentRetry": 0,
      "speed": "fast",
      "err": {}
    },
    {
      "title": "deve rejeitar minuto maior que 59",
      "fullTitle": "Testes de Validadores - Funções Utilitárias isValidTime Horários inválidos deve rejeitar minuto maior que 59",
      "file": "C:\\Programacao\\Alpha\\TypeScript\\Desafio-Relampago-Grupo5\\Desafio-Relampago-Grupo5\\tests\\unit\\validators.test.ts",
      "duration": 0,
      "currentRetry": 0,
      "speed": "fast",
      "err": {}
    },
    {
      "title": "deve rejeitar formato sem dois pontos",
      "fullTitle": "Testes de Validadores - Funções Utilitárias isValidTime Horários inválidos deve rejeitar formato sem dois pontos",
      "file": "C:\\Programacao\\Alpha\\TypeScript\\Desafio-Relampago-Grupo5\\Desafio-Relampago-Grupo5\\tests\\unit\\validators.test.ts",
      "duration": 0,
      "currentRetry": 0,
      "speed": "fast",
      "err": {}
    },
    {
      "title": "deve rejeitar formato com um dígito na hora",
      "fullTitle": "Testes de Validadores - Funções Utilitárias isValidTime Horários inválidos deve rejeitar formato com um dígito na hora",
      "file": "C:\\Programacao\\Alpha\\TypeScript\\Desafio-Relampago-Grupo5\\Desafio-Relampago-Grupo5\\tests\\unit\\validators.test.ts",
      "duration": 0,
      "currentRetry": 0,
      "speed": "fast",
      "err": {}
    },
    {
      "title": "deve rejeitar formato com um dígito no minuto",
      "fullTitle": "Testes de Validadores - Funções Utilitárias isValidTime Horários inválidos deve rejeitar formato com um dígito no minuto",
      "file": "C:\\Programacao\\Alpha\\TypeScript\\Desafio-Relampago-Grupo5\\Desafio-Relampago-Grupo5\\tests\\unit\\validators.test.ts",
      "duration": 0,
      "currentRetry": 0,
      "speed": "fast",
      "err": {}
    },
    {
      "title": "deve rejeitar hora vazia",
      "fullTitle": "Testes de Validadores - Funções Utilitárias isValidTime Horários inválidos deve rejeitar hora vazia",
      "file": "C:\\Programacao\\Alpha\\TypeScript\\Desafio-Relampago-Grupo5\\Desafio-Relampago-Grupo5\\tests\\unit\\validators.test.ts",
      "duration": 0,
      "currentRetry": 0,
      "speed": "fast",
      "err": {}
    },
    {
      "title": "deve rejeitar hora com letras",
      "fullTitle": "Testes de Validadores - Funções Utilitárias isValidTime Horários inválidos deve rejeitar hora com letras",
      "file": "C:\\Programacao\\Alpha\\TypeScript\\Desafio-Relampago-Grupo5\\Desafio-Relampago-Grupo5\\tests\\unit\\validators.test.ts",
      "duration": 1,
      "currentRetry": 0,
      "speed": "fast",
      "err": {}
    },
    {
      "title": "deve rejeitar formato 12h (AM/PM)",
      "fullTitle": "Testes de Validadores - Funções Utilitárias isValidTime Horários inválidos deve rejeitar formato 12h (AM/PM)",
      "file": "C:\\Programacao\\Alpha\\TypeScript\\Desafio-Relampago-Grupo5\\Desafio-Relampago-Grupo5\\tests\\unit\\validators.test.ts",
      "duration": 0,
      "currentRetry": 0,
      "speed": "fast",
      "err": {}
    },
    {
      "title": "deve tratar null como inválido para email",
      "fullTitle": "Testes de Validadores - Funções Utilitárias Testes de Edge Cases deve tratar null como inválido para email",
      "file": "C:\\Programacao\\Alpha\\TypeScript\\Desafio-Relampago-Grupo5\\Desafio-Relampago-Grupo5\\tests\\unit\\validators.test.ts",
      "duration": 0,
      "currentRetry": 0,
      "speed": "fast",
      "err": {}
    },
    {
      "title": "deve tratar undefined como inválido para senha",
      "fullTitle": "Testes de Validadores - Funções Utilitárias Testes de Edge Cases deve tratar undefined como inválido para senha",
      "file": "C:\\Programacao\\Alpha\\TypeScript\\Desafio-Relampago-Grupo5\\Desafio-Relampago-Grupo5\\tests\\unit\\validators.test.ts",
      "duration": 0,
      "currentRetry": 0,
      "speed": "fast",
      "err": {}
    },
    {
      "title": "deve tratar número como inválido para CPF",
      "fullTitle": "Testes de Validadores - Funções Utilitárias Testes de Edge Cases deve tratar número como inválido para CPF",
      "file": "C:\\Programacao\\Alpha\\TypeScript\\Desafio-Relampago-Grupo5\\Desafio-Relampago-Grupo5\\tests\\unit\\validators.test.ts",
      "duration": 0,
      "currentRetry": 0,
      "speed": "fast",
      "err": {}
    },
    {
      "title": "deve validar strings com trim para email",
      "fullTitle": "Testes de Validadores - Funções Utilitárias Testes de Edge Cases deve validar strings com trim para email",
      "file": "C:\\Programacao\\Alpha\\TypeScript\\Desafio-Relampago-Grupo5\\Desafio-Relampago-Grupo5\\tests\\unit\\validators.test.ts",
      "duration": 0,
      "currentRetry": 0,
      "speed": "fast",
      "err": {}
    }
  ],
  "pending": [],
  "failures": [
    {
      "title": "admin deve criar aluno com plano anual",
      "fullTitle": "Cadastro de Usuário POST /api/users - Criação válida admin deve criar aluno com plano anual",
      "file": "C:\\Programacao\\Alpha\\TypeScript\\Desafio-Relampago-Grupo5\\Desafio-Relampago-Grupo5\\tests\\integration\\user.create.test.ts",
      "duration": 82,
      "currentRetry": 0,
      "err": {
        "message": "expected 'mensal' to equal 'anual'",
        "showDiff": true,
        "actual": "mensal",
        "expected": "anual",
        "operator": "strictEqual",
        "stack": "AssertionError: expected 'mensal' to equal 'anual'\n    at Context.<anonymous> (tests\\integration\\user.create.test.ts:62:36)\n    at processTicksAndRejections (node:internal/process/task_queues:105:5)"
      }
    }
  ],
  "passes": [
    {
      "title": "1. Verificar variáveis de ambiente",
      "fullTitle": "🔍 DIAGNÓSTICO - Teste de Configuração 1. Verificar variáveis de ambiente",
      "file": "C:\\Programacao\\Alpha\\TypeScript\\Desafio-Relampago-Grupo5\\Desafio-Relampago-Grupo5\\tests\\diagnostic.test.ts",
      "duration": 4,
      "currentRetry": 0,
      "speed": "fast",
      "err": {}
    },
    {
      "title": "2. Verificar config importado",
      "fullTitle": "🔍 DIAGNÓSTICO - Teste de Configuração 2. Verificar config importado",
      "file": "C:\\Programacao\\Alpha\\TypeScript\\Desafio-Relampago-Grupo5\\Desafio-Relampago-Grupo5\\tests\\diagnostic.test.ts",
      "duration": 2,
      "currentRetry": 0,
      "speed": "fast",
      "err": {}
    },
    {
      "title": "3. Testar geração e verificação de JWT",
      "fullTitle": "🔍 DIAGNÓSTICO - Teste de Configuração 3. Testar geração e verificação de JWT",
      "file": "C:\\Programacao\\Alpha\\TypeScript\\Desafio-Relampago-Grupo5\\Desafio-Relampago-Grupo5\\tests\\diagnostic.test.ts",
      "duration": 16,
      "currentRetry": 0,
      "speed": "fast",
      "err": {}
    },
    {
      "title": "4. Testar se JWT_SECRET é consistente",
      "fullTitle": "🔍 DIAGNÓSTICO - Teste de Configuração 4. Testar se JWT_SECRET é consistente",
      "file": "C:\\Programacao\\Alpha\\TypeScript\\Desafio-Relampago-Grupo5\\Desafio-Relampago-Grupo5\\tests\\diagnostic.test.ts",
      "duration": 5,
      "currentRetry": 0,
      "speed": "fast",
      "err": {}
    },
    {
      "title": "5. Verificar AuthService",
      "fullTitle": "🔍 DIAGNÓSTICO - Teste de Configuração 5. Verificar AuthService",
      "file": "C:\\Programacao\\Alpha\\TypeScript\\Desafio-Relampago-Grupo5\\Desafio-Relampago-Grupo5\\tests\\diagnostic.test.ts",
      "duration": 10,
      "currentRetry": 0,
      "speed": "fast",
      "err": {}
    },
    {
      "title": "6. Resumo do diagnóstico",
      "fullTitle": "🔍 DIAGNÓSTICO - Teste de Configuração 6. Resumo do diagnóstico",
      "file": "C:\\Programacao\\Alpha\\TypeScript\\Desafio-Relampago-Grupo5\\Desafio-Relampago-Grupo5\\tests\\diagnostic.test.ts",
      "duration": 2,
      "currentRetry": 0,
      "speed": "fast",
      "err": {}
    },
    {
      "title": "admin deve listar todos os usuários",
      "fullTitle": "CRUD de Admin - Gerenciamento de Usuários GET /api/users - Listar Usuários admin deve listar todos os usuários",
      "file": "C:\\Programacao\\Alpha\\TypeScript\\Desafio-Relampago-Grupo5\\Desafio-Relampago-Grupo5\\tests\\integration\\admin.crud.test.ts",
      "duration": 9,
      "currentRetry": 0,
      "speed": "fast",
      "err": {}
    },
    {
      "title": "usuário comum não deve listar todos os usuários",
      "fullTitle": "CRUD de Admin - Gerenciamento de Usuários GET /api/users - Listar Usuários usuário comum não deve listar todos os usuários",
      "file": "C:\\Programacao\\Alpha\\TypeScript\\Desafio-Relampago-Grupo5\\Desafio-Relampago-Grupo5\\tests\\integration\\admin.crud.test.ts",
      "duration": 5,
      "currentRetry": 0,
      "speed": "fast",
      "err": {}
    },
    {
      "title": "não deve listar usuários sem autenticação",
      "fullTitle": "CRUD de Admin - Gerenciamento de Usuários GET /api/users - Listar Usuários não deve listar usuários sem autenticação",
      "file": "C:\\Programacao\\Alpha\\TypeScript\\Desafio-Relampago-Grupo5\\Desafio-Relampago-Grupo5\\tests\\integration\\admin.crud.test.ts",
      "duration": 4,
      "currentRetry": 0,
      "speed": "fast",
      "err": {}
    },
    {
      "title": "admin deve buscar usuário por ID",
      "fullTitle": "CRUD de Admin - Gerenciamento de Usuários GET /api/users/:id - Buscar Usuário por ID admin deve buscar usuário por ID",
      "file": "C:\\Programacao\\Alpha\\TypeScript\\Desafio-Relampago-Grupo5\\Desafio-Relampago-Grupo5\\tests\\integration\\admin.crud.test.ts",
      "duration": 7,
      "currentRetry": 0,
      "speed": "fast",
      "err": {}
    },
    {
      "title": "deve retornar 404 para ID inexistente",
      "fullTitle": "CRUD de Admin - Gerenciamento de Usuários GET /api/users/:id - Buscar Usuário por ID deve retornar 404 para ID inexistente",
      "file": "C:\\Programacao\\Alpha\\TypeScript\\Desafio-Relampago-Grupo5\\Desafio-Relampago-Grupo5\\tests\\integration\\admin.crud.test.ts",
      "duration": 5,
      "currentRetry": 0,
      "speed": "fast",
      "err": {}
    },
    {
      "title": "usuário comum não deve buscar outros usuários",
      "fullTitle": "CRUD de Admin - Gerenciamento de Usuários GET /api/users/:id - Buscar Usuário por ID usuário comum não deve buscar outros usuários",
      "file": "C:\\Programacao\\Alpha\\TypeScript\\Desafio-Relampago-Grupo5\\Desafio-Relampago-Grupo5\\tests\\integration\\admin.crud.test.ts",
      "duration": 8,
      "currentRetry": 0,
      "speed": "fast",
      "err": {}
    },
    {
      "title": "admin deve atualizar dados do usuário",
      "fullTitle": "CRUD de Admin - Gerenciamento de Usuários PUT /api/users/:id - Atualizar Usuário admin deve atualizar dados do usuário",
      "file": "C:\\Programacao\\Alpha\\TypeScript\\Desafio-Relampago-Grupo5\\Desafio-Relampago-Grupo5\\tests\\integration\\admin.crud.test.ts",
      "duration": 9,
      "currentRetry": 0,
      "speed": "fast",
      "err": {}
    },
    {
      "title": "admin deve atualizar plano do usuário",
      "fullTitle": "CRUD de Admin - Gerenciamento de Usuários PUT /api/users/:id - Atualizar Usuário admin deve atualizar plano do usuário",
      "file": "C:\\Programacao\\Alpha\\TypeScript\\Desafio-Relampago-Grupo5\\Desafio-Relampago-Grupo5\\tests\\integration\\admin.crud.test.ts",
      "duration": 6,
      "currentRetry": 0,
      "speed": "fast",
      "err": {}
    },
    {
      "title": "não deve atualizar com email inválido",
      "fullTitle": "CRUD de Admin - Gerenciamento de Usuários PUT /api/users/:id - Atualizar Usuário não deve atualizar com email inválido",
      "file": "C:\\Programacao\\Alpha\\TypeScript\\Desafio-Relampago-Grupo5\\Desafio-Relampago-Grupo5\\tests\\integration\\admin.crud.test.ts",
      "duration": 4,
      "currentRetry": 0,
      "speed": "fast",
      "err": {}
    },
    {
      "title": "não deve atualizar com CPF inválido",
      "fullTitle": "CRUD de Admin - Gerenciamento de Usuários PUT /api/users/:id - Atualizar Usuário não deve atualizar com CPF inválido",
      "file": "C:\\Programacao\\Alpha\\TypeScript\\Desafio-Relampago-Grupo5\\Desafio-Relampago-Grupo5\\tests\\integration\\admin.crud.test.ts",
      "duration": 5,
      "currentRetry": 0,
      "speed": "fast",
      "err": {}
    },
    {
      "title": "não deve atualizar senha com menos de 6 caracteres",
      "fullTitle": "CRUD de Admin - Gerenciamento de Usuários PUT /api/users/:id - Atualizar Usuário não deve atualizar senha com menos de 6 caracteres",
      "file": "C:\\Programacao\\Alpha\\TypeScript\\Desafio-Relampago-Grupo5\\Desafio-Relampago-Grupo5\\tests\\integration\\admin.crud.test.ts",
      "duration": 5,
      "currentRetry": 0,
      "speed": "fast",
      "err": {}
    },
    {
      "title": "usuário comum não deve atualizar outros usuários",
      "fullTitle": "CRUD de Admin - Gerenciamento de Usuários PUT /api/users/:id - Atualizar Usuário usuário comum não deve atualizar outros usuários",
      "file": "C:\\Programacao\\Alpha\\TypeScript\\Desafio-Relampago-Grupo5\\Desafio-Relampago-Grupo5\\tests\\integration\\admin.crud.test.ts",
      "duration": 5,
      "currentRetry": 0,
      "speed": "fast",
      "err": {}
    },
    {
      "title": "deve retornar 404 ao tentar atualizar usuário inexistente",
      "fullTitle": "CRUD de Admin - Gerenciamento de Usuários PUT /api/users/:id - Atualizar Usuário deve retornar 404 ao tentar atualizar usuário inexistente",
      "file": "C:\\Programacao\\Alpha\\TypeScript\\Desafio-Relampago-Grupo5\\Desafio-Relampago-Grupo5\\tests\\integration\\admin.crud.test.ts",
      "duration": 6,
      "currentRetry": 0,
      "speed": "fast",
      "err": {}
    },
    {
      "title": "admin deve deletar usuário",
      "fullTitle": "CRUD de Admin - Gerenciamento de Usuários DELETE /api/users/:id - Deletar Usuário admin deve deletar usuário",
      "file": "C:\\Programacao\\Alpha\\TypeScript\\Desafio-Relampago-Grupo5\\Desafio-Relampago-Grupo5\\tests\\integration\\admin.crud.test.ts",
      "duration": 90,
      "currentRetry": 0,
      "speed": "slow",
      "err": {}
    },
    {
      "title": "deve retornar 404 ao tentar deletar usuário inexistente",
      "fullTitle": "CRUD de Admin - Gerenciamento de Usuários DELETE /api/users/:id - Deletar Usuário deve retornar 404 ao tentar deletar usuário inexistente",
      "file": "C:\\Programacao\\Alpha\\TypeScript\\Desafio-Relampago-Grupo5\\Desafio-Relampago-Grupo5\\tests\\integration\\admin.crud.test.ts",
      "duration": 5,
      "currentRetry": 0,
      "speed": "fast",
      "err": {}
    },
    {
      "title": "usuário comum não deve deletar outros usuários",
      "fullTitle": "CRUD de Admin - Gerenciamento de Usuários DELETE /api/users/:id - Deletar Usuário usuário comum não deve deletar outros usuários",
      "file": "C:\\Programacao\\Alpha\\TypeScript\\Desafio-Relampago-Grupo5\\Desafio-Relampago-Grupo5\\tests\\integration\\admin.crud.test.ts",
      "duration": 4,
      "currentRetry": 0,
      "speed": "fast",
      "err": {}
    },
    {
      "title": "não deve deletar sem autenticação",
      "fullTitle": "CRUD de Admin - Gerenciamento de Usuários DELETE /api/users/:id - Deletar Usuário não deve deletar sem autenticação",
      "file": "C:\\Programacao\\Alpha\\TypeScript\\Desafio-Relampago-Grupo5\\Desafio-Relampago-Grupo5\\tests\\integration\\admin.crud.test.ts",
      "duration": 3,
      "currentRetry": 0,
      "speed": "fast",
      "err": {}
    },
    {
      "title": "admin deve ter acesso a todas as operações",
      "fullTitle": "CRUD de Admin - Gerenciamento de Usuários Testes de Permissões Gerais admin deve ter acesso a todas as operações",
      "file": "C:\\Programacao\\Alpha\\TypeScript\\Desafio-Relampago-Grupo5\\Desafio-Relampago-Grupo5\\tests\\integration\\admin.crud.test.ts",
      "duration": 15,
      "currentRetry": 0,
      "speed": "fast",
      "err": {}
    },
    {
      "title": "usuário comum deve ter acesso negado a operações administrativas",
      "fullTitle": "CRUD de Admin - Gerenciamento de Usuários Testes de Permissões Gerais usuário comum deve ter acesso negado a operações administrativas",
      "file": "C:\\Programacao\\Alpha\\TypeScript\\Desafio-Relampago-Grupo5\\Desafio-Relampago-Grupo5\\tests\\integration\\admin.crud.test.ts",
      "duration": 19,
      "currentRetry": 0,
      "speed": "fast",
      "err": {}
    },
    {
      "title": "deve logar com credenciais válidas",
      "fullTitle": "Autenticação POST /api/auth/login deve logar com credenciais válidas",
      "file": "C:\\Programacao\\Alpha\\TypeScript\\Desafio-Relampago-Grupo5\\Desafio-Relampago-Grupo5\\tests\\integration\\auth.test.ts",
      "duration": 84,
      "currentRetry": 0,
      "speed": "slow",
      "err": {}
    },
    {
      "title": "deve falhar com senha incorreta",
      "fullTitle": "Autenticação POST /api/auth/login deve falhar com senha incorreta",
      "file": "C:\\Programacao\\Alpha\\TypeScript\\Desafio-Relampago-Grupo5\\Desafio-Relampago-Grupo5\\tests\\integration\\auth.test.ts",
      "duration": 78,
      "currentRetry": 0,
      "speed": "slow",
      "err": {}
    },
    {
      "title": "deve falhar com email inválido",
      "fullTitle": "Autenticação POST /api/auth/login deve falhar com email inválido",
      "file": "C:\\Programacao\\Alpha\\TypeScript\\Desafio-Relampago-Grupo5\\Desafio-Relampago-Grupo5\\tests\\integration\\auth.test.ts",
      "duration": 5,
      "currentRetry": 0,
      "speed": "fast",
      "err": {}
    },
    {
      "title": "deve falhar com email com espaços",
      "fullTitle": "Autenticação POST /api/auth/login deve falhar com email com espaços",
      "file": "C:\\Programacao\\Alpha\\TypeScript\\Desafio-Relampago-Grupo5\\Desafio-Relampago-Grupo5\\tests\\integration\\auth.test.ts",
      "duration": 4,
      "currentRetry": 0,
      "speed": "fast",
      "err": {}
    },
    {
      "title": "deve falhar com senha vazia",
      "fullTitle": "Autenticação POST /api/auth/login deve falhar com senha vazia",
      "file": "C:\\Programacao\\Alpha\\TypeScript\\Desafio-Relampago-Grupo5\\Desafio-Relampago-Grupo5\\tests\\integration\\auth.test.ts",
      "duration": 3,
      "currentRetry": 0,
      "speed": "fast",
      "err": {}
    },
    {
      "title": "deve falhar com senha muito curta",
      "fullTitle": "Autenticação POST /api/auth/login deve falhar com senha muito curta",
      "file": "C:\\Programacao\\Alpha\\TypeScript\\Desafio-Relampago-Grupo5\\Desafio-Relampago-Grupo5\\tests\\integration\\auth.test.ts",
      "duration": 4,
      "currentRetry": 0,
      "speed": "fast",
      "err": {}
    },
    {
      "title": "deve falhar com senha com espaços",
      "fullTitle": "Autenticação POST /api/auth/login deve falhar com senha com espaços",
      "file": "C:\\Programacao\\Alpha\\TypeScript\\Desafio-Relampago-Grupo5\\Desafio-Relampago-Grupo5\\tests\\integration\\auth.test.ts",
      "duration": 4,
      "currentRetry": 0,
      "speed": "fast",
      "err": {}
    },
    {
      "title": "deve falhar sem email",
      "fullTitle": "Autenticação POST /api/auth/login deve falhar sem email",
      "file": "C:\\Programacao\\Alpha\\TypeScript\\Desafio-Relampago-Grupo5\\Desafio-Relampago-Grupo5\\tests\\integration\\auth.test.ts",
      "duration": 4,
      "currentRetry": 0,
      "speed": "fast",
      "err": {}
    },
    {
      "title": "deve falhar sem senha",
      "fullTitle": "Autenticação POST /api/auth/login deve falhar sem senha",
      "file": "C:\\Programacao\\Alpha\\TypeScript\\Desafio-Relampago-Grupo5\\Desafio-Relampago-Grupo5\\tests\\integration\\auth.test.ts",
      "duration": 3,
      "currentRetry": 0,
      "speed": "fast",
      "err": {}
    },
    {
      "title": "deve falhar com usuário inexistente",
      "fullTitle": "Autenticação POST /api/auth/login deve falhar com usuário inexistente",
      "file": "C:\\Programacao\\Alpha\\TypeScript\\Desafio-Relampago-Grupo5\\Desafio-Relampago-Grupo5\\tests\\integration\\auth.test.ts",
      "duration": 5,
      "currentRetry": 0,
      "speed": "fast",
      "err": {}
    },
    {
      "title": "admin deve criar aluno com plano mensal",
      "fullTitle": "Cadastro de Usuário POST /api/users - Criação válida admin deve criar aluno com plano mensal",
      "file": "C:\\Programacao\\Alpha\\TypeScript\\Desafio-Relampago-Grupo5\\Desafio-Relampago-Grupo5\\tests\\integration\\user.create.test.ts",
      "duration": 83,
      "currentRetry": 0,
      "speed": "slow",
      "err": {}
    },
    {
      "title": "não deve permitir CPF com letras",
      "fullTitle": "Cadastro de Usuário POST /api/users - Validação de CPF não deve permitir CPF com letras",
      "file": "C:\\Programacao\\Alpha\\TypeScript\\Desafio-Relampago-Grupo5\\Desafio-Relampago-Grupo5\\tests\\integration\\user.create.test.ts",
      "duration": 5,
      "currentRetry": 0,
      "speed": "fast",
      "err": {}
    },
    {
      "title": "não deve permitir CPF com menos de 11 dígitos",
      "fullTitle": "Cadastro de Usuário POST /api/users - Validação de CPF não deve permitir CPF com menos de 11 dígitos",
      "file": "C:\\Programacao\\Alpha\\TypeScript\\Desafio-Relampago-Grupo5\\Desafio-Relampago-Grupo5\\tests\\integration\\user.create.test.ts",
      "duration": 4,
      "currentRetry": 0,
      "speed": "fast",
      "err": {}
    },
    {
      "title": "não deve permitir CPF com mais de 11 dígitos",
      "fullTitle": "Cadastro de Usuário POST /api/users - Validação de CPF não deve permitir CPF com mais de 11 dígitos",
      "file": "C:\\Programacao\\Alpha\\TypeScript\\Desafio-Relampago-Grupo5\\Desafio-Relampago-Grupo5\\tests\\integration\\user.create.test.ts",
      "duration": 5,
      "currentRetry": 0,
      "speed": "fast",
      "err": {}
    },
    {
      "title": "não deve permitir CPF vazio",
      "fullTitle": "Cadastro de Usuário POST /api/users - Validação de CPF não deve permitir CPF vazio",
      "file": "C:\\Programacao\\Alpha\\TypeScript\\Desafio-Relampago-Grupo5\\Desafio-Relampago-Grupo5\\tests\\integration\\user.create.test.ts",
      "duration": 4,
      "currentRetry": 0,
      "speed": "fast",
      "err": {}
    },
    {
      "title": "não deve permitir CPF com caracteres especiais",
      "fullTitle": "Cadastro de Usuário POST /api/users - Validação de CPF não deve permitir CPF com caracteres especiais",
      "file": "C:\\Programacao\\Alpha\\TypeScript\\Desafio-Relampago-Grupo5\\Desafio-Relampago-Grupo5\\tests\\integration\\user.create.test.ts",
      "duration": 4,
      "currentRetry": 0,
      "speed": "fast",
      "err": {}
    },
    {
      "title": "não deve permitir email inválido",
      "fullTitle": "Cadastro de Usuário POST /api/users - Validação de Email não deve permitir email inválido",
      "file": "C:\\Programacao\\Alpha\\TypeScript\\Desafio-Relampago-Grupo5\\Desafio-Relampago-Grupo5\\tests\\integration\\user.create.test.ts",
      "duration": 5,
      "currentRetry": 0,
      "speed": "fast",
      "err": {}
    },
    {
      "title": "não deve permitir email com espaço",
      "fullTitle": "Cadastro de Usuário POST /api/users - Validação de Email não deve permitir email com espaço",
      "file": "C:\\Programacao\\Alpha\\TypeScript\\Desafio-Relampago-Grupo5\\Desafio-Relampago-Grupo5\\tests\\integration\\user.create.test.ts",
      "duration": 5,
      "currentRetry": 0,
      "speed": "fast",
      "err": {}
    },
    {
      "title": "não deve permitir email duplicado",
      "fullTitle": "Cadastro de Usuário POST /api/users - Validação de Email não deve permitir email duplicado",
      "file": "C:\\Programacao\\Alpha\\TypeScript\\Desafio-Relampago-Grupo5\\Desafio-Relampago-Grupo5\\tests\\integration\\user.create.test.ts",
      "duration": 12,
      "currentRetry": 0,
      "speed": "fast",
      "err": {}
    },
    {
      "title": "não deve permitir senha com menos de 6 caracteres",
      "fullTitle": "Cadastro de Usuário POST /api/users - Validação de Senha não deve permitir senha com menos de 6 caracteres",
      "file": "C:\\Programacao\\Alpha\\TypeScript\\Desafio-Relampago-Grupo5\\Desafio-Relampago-Grupo5\\tests\\integration\\user.create.test.ts",
      "duration": 5,
      "currentRetry": 0,
      "speed": "fast",
      "err": {}
    },
    {
      "title": "não deve permitir senha com espaços",
      "fullTitle": "Cadastro de Usuário POST /api/users - Validação de Senha não deve permitir senha com espaços",
      "file": "C:\\Programacao\\Alpha\\TypeScript\\Desafio-Relampago-Grupo5\\Desafio-Relampago-Grupo5\\tests\\integration\\user.create.test.ts",
      "duration": 5,
      "currentRetry": 0,
      "speed": "fast",
      "err": {}
    },
    {
      "title": "não deve permitir senha vazia",
      "fullTitle": "Cadastro de Usuário POST /api/users - Validação de Senha não deve permitir senha vazia",
      "file": "C:\\Programacao\\Alpha\\TypeScript\\Desafio-Relampago-Grupo5\\Desafio-Relampago-Grupo5\\tests\\integration\\user.create.test.ts",
      "duration": 6,
      "currentRetry": 0,
      "speed": "fast",
      "err": {}
    },
    {
      "title": "não deve permitir criar usuário sem nome",
      "fullTitle": "Cadastro de Usuário POST /api/users - Validação de Campos Obrigatórios não deve permitir criar usuário sem nome",
      "file": "C:\\Programacao\\Alpha\\TypeScript\\Desafio-Relampago-Grupo5\\Desafio-Relampago-Grupo5\\tests\\integration\\user.create.test.ts",
      "duration": 5,
      "currentRetry": 0,
      "speed": "fast",
      "err": {}
    },
    {
      "title": "não deve permitir criar usuário sem role",
      "fullTitle": "Cadastro de Usuário POST /api/users - Validação de Campos Obrigatórios não deve permitir criar usuário sem role",
      "file": "C:\\Programacao\\Alpha\\TypeScript\\Desafio-Relampago-Grupo5\\Desafio-Relampago-Grupo5\\tests\\integration\\user.create.test.ts",
      "duration": 5,
      "currentRetry": 0,
      "speed": "fast",
      "err": {}
    },
    {
      "title": "não deve permitir criar usuário sem token",
      "fullTitle": "Cadastro de Usuário POST /api/users - Autorização não deve permitir criar usuário sem token",
      "file": "C:\\Programacao\\Alpha\\TypeScript\\Desafio-Relampago-Grupo5\\Desafio-Relampago-Grupo5\\tests\\integration\\user.create.test.ts",
      "duration": 4,
      "currentRetry": 0,
      "speed": "fast",
      "err": {}
    },
    {
      "title": "não deve permitir criar usuário com token inválido",
      "fullTitle": "Cadastro de Usuário POST /api/users - Autorização não deve permitir criar usuário com token inválido",
      "file": "C:\\Programacao\\Alpha\\TypeScript\\Desafio-Relampago-Grupo5\\Desafio-Relampago-Grupo5\\tests\\integration\\user.create.test.ts",
      "duration": 3,
      "currentRetry": 0,
      "speed": "fast",
      "err": {}
    },
    {
      "title": "deve validar email simples",
      "fullTitle": "Testes de Validadores - Funções Utilitárias isValidEmail Emails válidos deve validar email simples",
      "file": "C:\\Programacao\\Alpha\\TypeScript\\Desafio-Relampago-Grupo5\\Desafio-Relampago-Grupo5\\tests\\unit\\validators.test.ts",
      "duration": 0,
      "currentRetry": 0,
      "speed": "fast",
      "err": {}
    },
    {
      "title": "deve validar email com números",
      "fullTitle": "Testes de Validadores - Funções Utilitárias isValidEmail Emails válidos deve validar email com números",
      "file": "C:\\Programacao\\Alpha\\TypeScript\\Desafio-Relampago-Grupo5\\Desafio-Relampago-Grupo5\\tests\\unit\\validators.test.ts",
      "duration": 0,
      "currentRetry": 0,
      "speed": "fast",
      "err": {}
    },
    {
      "title": "deve validar email com pontos",
      "fullTitle": "Testes de Validadores - Funções Utilitárias isValidEmail Emails válidos deve validar email com pontos",
      "file": "C:\\Programacao\\Alpha\\TypeScript\\Desafio-Relampago-Grupo5\\Desafio-Relampago-Grupo5\\tests\\unit\\validators.test.ts",
      "duration": 0,
      "currentRetry": 0,
      "speed": "fast",
      "err": {}
    },
    {
      "title": "deve validar email com hífen",
      "fullTitle": "Testes de Validadores - Funções Utilitárias isValidEmail Emails válidos deve validar email com hífen",
      "file": "C:\\Programacao\\Alpha\\TypeScript\\Desafio-Relampago-Grupo5\\Desafio-Relampago-Grupo5\\tests\\unit\\validators.test.ts",
      "duration": 0,
      "currentRetry": 0,
      "speed": "fast",
      "err": {}
    },
    {
      "title": "deve validar email com subdomínio",
      "fullTitle": "Testes de Validadores - Funções Utilitárias isValidEmail Emails válidos deve validar email com subdomínio",
      "file": "C:\\Programacao\\Alpha\\TypeScript\\Desafio-Relampago-Grupo5\\Desafio-Relampago-Grupo5\\tests\\unit\\validators.test.ts",
      "duration": 0,
      "currentRetry": 0,
      "speed": "fast",
      "err": {}
    },
    {
      "title": "deve rejeitar email sem @",
      "fullTitle": "Testes de Validadores - Funções Utilitárias isValidEmail Emails inválidos deve rejeitar email sem @",
      "file": "C:\\Programacao\\Alpha\\TypeScript\\Desafio-Relampago-Grupo5\\Desafio-Relampago-Grupo5\\tests\\unit\\validators.test.ts",
      "duration": 1,
      "currentRetry": 0,
      "speed": "fast",
      "err": {}
    },
    {
      "title": "deve rejeitar email sem domínio",
      "fullTitle": "Testes de Validadores - Funções Utilitárias isValidEmail Emails inválidos deve rejeitar email sem domínio",
      "file": "C:\\Programacao\\Alpha\\TypeScript\\Desafio-Relampago-Grupo5\\Desafio-Relampago-Grupo5\\tests\\unit\\validators.test.ts",
      "duration": 0,
      "currentRetry": 0,
      "speed": "fast",
      "err": {}
    },
    {
      "title": "deve rejeitar email sem usuário",
      "fullTitle": "Testes de Validadores - Funções Utilitárias isValidEmail Emails inválidos deve rejeitar email sem usuário",
      "file": "C:\\Programacao\\Alpha\\TypeScript\\Desafio-Relampago-Grupo5\\Desafio-Relampago-Grupo5\\tests\\unit\\validators.test.ts",
      "duration": 0,
      "currentRetry": 0,
      "speed": "fast",
      "err": {}
    },
    {
      "title": "deve rejeitar email com espaço antes do @",
      "fullTitle": "Testes de Validadores - Funções Utilitárias isValidEmail Emails inválidos deve rejeitar email com espaço antes do @",
      "file": "C:\\Programacao\\Alpha\\TypeScript\\Desafio-Relampago-Grupo5\\Desafio-Relampago-Grupo5\\tests\\unit\\validators.test.ts",
      "duration": 0,
      "currentRetry": 0,
      "speed": "fast",
      "err": {}
    },
    {
      "title": "deve rejeitar email com espaço depois do @",
      "fullTitle": "Testes de Validadores - Funções Utilitárias isValidEmail Emails inválidos deve rejeitar email com espaço depois do @",
      "file": "C:\\Programacao\\Alpha\\TypeScript\\Desafio-Relampago-Grupo5\\Desafio-Relampago-Grupo5\\tests\\unit\\validators.test.ts",
      "duration": 0,
      "currentRetry": 0,
      "speed": "fast",
      "err": {}
    },
    {
      "title": "deve rejeitar email com espaços no meio",
      "fullTitle": "Testes de Validadores - Funções Utilitárias isValidEmail Emails inválidos deve rejeitar email com espaços no meio",
      "file": "C:\\Programacao\\Alpha\\TypeScript\\Desafio-Relampago-Grupo5\\Desafio-Relampago-Grupo5\\tests\\unit\\validators.test.ts",
      "duration": 0,
[...]
      "duration": 0,
      "currentRetry": 0,
      "speed": "fast",
      "err": {}
    },
    {
      "title": "deve validar CPF com zeros",
      "fullTitle": "Testes de Validadores - Funções Utilitárias isValidCPF CPFs válidos deve validar CPF com zeros",
      "file": "C:\\Programacao\\Alpha\\TypeScript\\Desafio-Relampago-Grupo5\\Desafio-Relampago-Grupo5\\tests\\unit\\validators.test.ts",
      "duration": 0,
      "currentRetry": 0,
      "speed": "fast",
      "err": {}
    },
    {
      "title": "deve validar CPF com dígitos repetidos",
      "fullTitle": "Testes de Validadores - Funções Utilitárias isValidCPF CPFs válidos deve validar CPF com dígitos repetidos",
      "file": "C:\\Programacao\\Alpha\\TypeScript\\Desafio-Relampago-Grupo5\\Desafio-Relampago-Grupo5\\tests\\unit\\validators.test.ts",
      "duration": 0,
      "currentRetry": 0,
      "speed": "fast",
      "err": {}
    },
    {
      "title": "deve rejeitar CPF com menos de 11 dígitos",
      "fullTitle": "Testes de Validadores - Funções Utilitárias isValidCPF CPFs inválidos deve rejeitar CPF com menos de 11 dígitos",
      "file": "C:\\Programacao\\Alpha\\TypeScript\\Desafio-Relampago-Grupo5\\Desafio-Relampago-Grupo5\\tests\\unit\\validators.test.ts",
      "duration": 0,
      "currentRetry": 0,
      "speed": "fast",
      "err": {}
    },
    {
      "title": "deve rejeitar CPF com 10 dígitos",
      "fullTitle": "Testes de Validadores - Funções Utilitárias isValidCPF CPFs inválidos deve rejeitar CPF com 10 dígitos",
      "file": "C:\\Programacao\\Alpha\\TypeScript\\Desafio-Relampago-Grupo5\\Desafio-Relampago-Grupo5\\tests\\unit\\validators.test.ts",
      "duration": 0,
      "currentRetry": 0,
      "speed": "fast",
      "err": {}
    },
    {
      "title": "deve rejeitar CPF com mais de 11 dígitos",
      "fullTitle": "Testes de Validadores - Funções Utilitárias isValidCPF CPFs inválidos deve rejeitar CPF com mais de 11 dígitos",
      "file": "C:\\Programacao\\Alpha\\TypeScript\\Desafio-Relampago-Grupo5\\Desafio-Relampago-Grupo5\\tests\\unit\\validators.test.ts",
      "duration": 0,
      "currentRetry": 0,
      "speed": "fast",
      "err": {}
    },
    {
      "title": "deve rejeitar CPF com letras",
      "fullTitle": "Testes de Validadores - Funções Utilitárias isValidCPF CPFs inválidos deve rejeitar CPF com letras",
      "file": "C:\\Programacao\\Alpha\\TypeScript\\Desafio-Relampago-Grupo5\\Desafio-Relampago-Grupo5\\tests\\unit\\validators.test.ts",
      "duration": 0,
      "currentRetry": 0,
      "speed": "fast",
      "err": {}
    },
    {
      "title": "deve rejeitar CPF com letras no início",
      "fullTitle": "Testes de Validadores - Funções Utilitárias isValidCPF CPFs inválidos deve rejeitar CPF com letras no início",
      "file": "C:\\Programacao\\Alpha\\TypeScript\\Desafio-Relampago-Grupo5\\Desafio-Relampago-Grupo5\\tests\\unit\\validators.test.ts",
      "duration": 0,
      "currentRetry": 0,
      "speed": "fast",
      "err": {}
    },
    {
      "title": "deve rejeitar CPF com letras no meio",
      "fullTitle": "Testes de Validadores - Funções Utilitárias isValidCPF CPFs inválidos deve rejeitar CPF com letras no meio",
      "file": "C:\\Programacao\\Alpha\\TypeScript\\Desafio-Relampago-Grupo5\\Desafio-Relampago-Grupo5\\tests\\unit\\validators.test.ts",
      "duration": 0,
      "currentRetry": 0,
      "speed": "fast",
      "err": {}
    },
    {
      "title": "deve rejeitar CPF com letras no final",
      "fullTitle": "Testes de Validadores - Funções Utilitárias isValidCPF CPFs inválidos deve rejeitar CPF com letras no final",
      "file": "C:\\Programacao\\Alpha\\TypeScript\\Desafio-Relampago-Grupo5\\Desafio-Relampago-Grupo5\\tests\\unit\\validators.test.ts",
      "duration": 0,
      "currentRetry": 0,
      "speed": "fast",
      "err": {}
    },
    {
      "title": "deve rejeitar CPF vazio",
      "fullTitle": "Testes de Validadores - Funções Utilitárias isValidCPF CPFs inválidos deve rejeitar CPF vazio",
      "file": "C:\\Programacao\\Alpha\\TypeScript\\Desafio-Relampago-Grupo5\\Desafio-Relampago-Grupo5\\tests\\unit\\validators.test.ts",
      "duration": 0,
      "currentRetry": 0,
      "speed": "fast",
      "err": {}
    },
    {
      "title": "deve rejeitar CPF com pontos e hífen",
      "fullTitle": "Testes de Validadores - Funções Utilitárias isValidCPF CPFs inválidos deve rejeitar CPF com pontos e hífen",
      "file": "C:\\Programacao\\Alpha\\TypeScript\\Desafio-Relampago-Grupo5\\Desafio-Relampago-Grupo5\\tests\\unit\\validators.test.ts",
      "duration": 0,
      "currentRetry": 0,
      "speed": "fast",
      "err": {}
    },
    {
      "title": "deve rejeitar CPF com espaços",
      "fullTitle": "Testes de Validadores - Funções Utilitárias isValidCPF CPFs inválidos deve rejeitar CPF com espaços",
      "file": "C:\\Programacao\\Alpha\\TypeScript\\Desafio-Relampago-Grupo5\\Desafio-Relampago-Grupo5\\tests\\unit\\validators.test.ts",
      "duration": 0,
      "currentRetry": 0,
      "speed": "fast",
      "err": {}
    },
    {
      "title": "deve rejeitar CPF com caracteres especiais",
      "fullTitle": "Testes de Validadores - Funções Utilitárias isValidCPF CPFs inválidos deve rejeitar CPF com caracteres especiais",
      "file": "C:\\Programacao\\Alpha\\TypeScript\\Desafio-Relampago-Grupo5\\Desafio-Relampago-Grupo5\\tests\\unit\\validators.test.ts",
      "duration": 0,
      "currentRetry": 0,
      "speed": "fast",
      "err": {}
    },
    {
      "title": "deve validar data no formato DD/MM/YYYY",
      "fullTitle": "Testes de Validadores - Funções Utilitárias isValidDate Datas válidas deve validar data no formato DD/MM/YYYY",
      "file": "C:\\Programacao\\Alpha\\TypeScript\\Desafio-Relampago-Grupo5\\Desafio-Relampago-Grupo5\\tests\\unit\\validators.test.ts",
      "duration": 0,
      "currentRetry": 0,
      "speed": "fast",
      "err": {}
    },
    {
      "title": "deve validar data com dia 01",
      "fullTitle": "Testes de Validadores - Funções Utilitárias isValidDate Datas válidas deve validar data com dia 01",
      "file": "C:\\Programacao\\Alpha\\TypeScript\\Desafio-Relampago-Grupo5\\Desafio-Relampago-Grupo5\\tests\\unit\\validators.test.ts",
      "duration": 0,
      "currentRetry": 0,
      "speed": "fast",
      "err": {}
    },
    {
      "title": "deve validar data com último dia do mês",
      "fullTitle": "Testes de Validadores - Funções Utilitárias isValidDate Datas válidas deve validar data com último dia do mês",
      "file": "C:\\Programacao\\Alpha\\TypeScript\\Desafio-Relampago-Grupo5\\Desafio-Relampago-Grupo5\\tests\\unit\\validators.test.ts",
      "duration": 0,
      "currentRetry": 0,
      "speed": "fast",
      "err": {}
    },
    {
      "title": "deve validar data de fevereiro válida",
      "fullTitle": "Testes de Validadores - Funções Utilitárias isValidDate Datas válidas deve validar data de fevereiro válida",
      "file": "C:\\Programacao\\Alpha\\TypeScript\\Desafio-Relampago-Grupo5\\Desafio-Relampago-Grupo5\\tests\\unit\\validators.test.ts",
      "duration": 0,
      "currentRetry": 0,
      "speed": "fast",
      "err": {}
    },
    {
      "title": "deve rejeitar data no formato YYYY-MM-DD",
      "fullTitle": "Testes de Validadores - Funções Utilitárias isValidDate Datas inválidas deve rejeitar data no formato YYYY-MM-DD",
      "file": "C:\\Programacao\\Alpha\\TypeScript\\Desafio-Relampago-Grupo5\\Desafio-Relampago-Grupo5\\tests\\unit\\validators.test.ts",
      "duration": 0,
      "currentRetry": 0,
      "speed": "fast",
      "err": {}
    },
    {
      "title": "deve rejeitar data no formato MM/DD/YYYY",
      "fullTitle": "Testes de Validadores - Funções Utilitárias isValidDate Datas inválidas deve rejeitar data no formato MM/DD/YYYY",
      "file": "C:\\Programacao\\Alpha\\TypeScript\\Desafio-Relampago-Grupo5\\Desafio-Relampago-Grupo5\\tests\\unit\\validators.test.ts",
      "duration": 0,
      "currentRetry": 0,
      "speed": "fast",
      "err": {}
    },
    {
      "title": "deve rejeitar mês impossível",
      "fullTitle": "Testes de Validadores - Funções Utilitárias isValidDate Datas inválidas deve rejeitar mês impossível",
      "file": "C:\\Programacao\\Alpha\\TypeScript\\Desafio-Relampago-Grupo5\\Desafio-Relampago-Grupo5\\tests\\unit\\validators.test.ts",
      "duration": 0,
      "currentRetry": 0,
      "speed": "fast",
      "err": {}
    },
    {
      "title": "deve rejeitar dia impossível",
      "fullTitle": "Testes de Validadores - Funções Utilitárias isValidDate Datas inválidas deve rejeitar dia impossível",
      "file": "C:\\Programacao\\Alpha\\TypeScript\\Desafio-Relampago-Grupo5\\Desafio-Relampago-Grupo5\\tests\\unit\\validators.test.ts",
      "duration": 0,
      "currentRetry": 0,
      "speed": "fast",
      "err": {}
    },
    {
      "title": "deve rejeitar data completamente impossível",
      "fullTitle": "Testes de Validadores - Funções Utilitárias isValidDate Datas inválidas deve rejeitar data completamente impossível",
      "file": "C:\\Programacao\\Alpha\\TypeScript\\Desafio-Relampago-Grupo5\\Desafio-Relampago-Grupo5\\tests\\unit\\validators.test.ts",
      "duration": 0,
      "currentRetry": 0,
      "speed": "fast",
      "err": {}
    },
    {
      "title": "deve rejeitar formato ISO",
      "fullTitle": "Testes de Validadores - Funções Utilitárias isValidDate Datas inválidas deve rejeitar formato ISO",
      "file": "C:\\Programacao\\Alpha\\TypeScript\\Desafio-Relampago-Grupo5\\Desafio-Relampago-Grupo5\\tests\\unit\\validators.test.ts",
      "duration": 0,
      "currentRetry": 0,
      "speed": "fast",
      "err": {}
    },
    {
      "title": "deve rejeitar data com letras",
      "fullTitle": "Testes de Validadores - Funções Utilitárias isValidDate Datas inválidas deve rejeitar data com letras",
      "file": "C:\\Programacao\\Alpha\\TypeScript\\Desafio-Relampago-Grupo5\\Desafio-Relampago-Grupo5\\tests\\unit\\validators.test.ts",
      "duration": 0,
      "currentRetry": 0,
      "speed": "fast",
      "err": {}
    },
    {
      "title": "deve rejeitar data incompleta",
      "fullTitle": "Testes de Validadores - Funções Utilitárias isValidDate Datas inválidas deve rejeitar data incompleta",
      "file": "C:\\Programacao\\Alpha\\TypeScript\\Desafio-Relampago-Grupo5\\Desafio-Relampago-Grupo5\\tests\\unit\\validators.test.ts",
      "duration": 0,
      "currentRetry": 0,
      "speed": "fast",
      "err": {}
    },
    {
      "title": "deve rejeitar data vazia",
      "fullTitle": "Testes de Validadores - Funções Utilitárias isValidDate Datas inválidas deve rejeitar data vazia",
      "file": "C:\\Programacao\\Alpha\\TypeScript\\Desafio-Relampago-Grupo5\\Desafio-Relampago-Grupo5\\tests\\unit\\validators.test.ts",
      "duration": 0,
      "currentRetry": 0,
      "speed": "fast",
      "err": {}
    },
    {
      "title": "deve rejeitar fevereiro com dia 30",
      "fullTitle": "Testes de Validadores - Funções Utilitárias isValidDate Datas inválidas deve rejeitar fevereiro com dia 30",
      "file": "C:\\Programacao\\Alpha\\TypeScript\\Desafio-Relampago-Grupo5\\Desafio-Relampago-Grupo5\\tests\\unit\\validators.test.ts",
      "duration": 1,
      "currentRetry": 0,
      "speed": "fast",
      "err": {}
    },
    {
      "title": "deve rejeitar dia zero",
      "fullTitle": "Testes de Validadores - Funções Utilitárias isValidDate Datas inválidas deve rejeitar dia zero",
      "file": "C:\\Programacao\\Alpha\\TypeScript\\Desafio-Relampago-Grupo5\\Desafio-Relampago-Grupo5\\tests\\unit\\validators.test.ts",
      "duration": 0,
      "currentRetry": 0,
      "speed": "fast",
      "err": {}
    },
    {
      "title": "deve rejeitar mês zero",
      "fullTitle": "Testes de Validadores - Funções Utilitárias isValidDate Datas inválidas deve rejeitar mês zero",
      "file": "C:\\Programacao\\Alpha\\TypeScript\\Desafio-Relampago-Grupo5\\Desafio-Relampago-Grupo5\\tests\\unit\\validators.test.ts",
      "duration": 0,
      "currentRetry": 0,
      "speed": "fast",
      "err": {}
    },
    {
      "title": "deve validar hora no formato HH:MM",
      "fullTitle": "Testes de Validadores - Funções Utilitárias isValidTime Horários válidos deve validar hora no formato HH:MM",
      "file": "C:\\Programacao\\Alpha\\TypeScript\\Desafio-Relampago-Grupo5\\Desafio-Relampago-Grupo5\\tests\\unit\\validators.test.ts",
      "duration": 1,
      "currentRetry": 0,
      "speed": "fast",
      "err": {}
    },
    {
      "title": "deve validar hora 00:00",
      "fullTitle": "Testes de Validadores - Funções Utilitárias isValidTime Horários válidos deve validar hora 00:00",
      "file": "C:\\Programacao\\Alpha\\TypeScript\\Desafio-Relampago-Grupo5\\Desafio-Relampago-Grupo5\\tests\\unit\\validators.test.ts",
      "duration": 0,
      "currentRetry": 0,
      "speed": "fast",
      "err": {}
    },
    {
      "title": "deve validar hora 23:59",
      "fullTitle": "Testes de Validadores - Funções Utilitárias isValidTime Horários válidos deve validar hora 23:59",
      "file": "C:\\Programacao\\Alpha\\TypeScript\\Desafio-Relampago-Grupo5\\Desafio-Relampago-Grupo5\\tests\\unit\\validators.test.ts",
      "duration": 0,
      "currentRetry": 0,
      "speed": "fast",
      "err": {}
    },
    {
      "title": "deve validar hora meio-dia",
      "fullTitle": "Testes de Validadores - Funções Utilitárias isValidTime Horários válidos deve validar hora meio-dia",
      "file": "C:\\Programacao\\Alpha\\TypeScript\\Desafio-Relampago-Grupo5\\Desafio-Relampago-Grupo5\\tests\\unit\\validators.test.ts",
      "duration": 0,
      "currentRetry": 0,
      "speed": "fast",
      "err": {}
    },
    {
      "title": "deve validar hora com minuto zero",
      "fullTitle": "Testes de Validadores - Funções Utilitárias isValidTime Horários válidos deve validar hora com minuto zero",
      "file": "C:\\Programacao\\Alpha\\TypeScript\\Desafio-Relampago-Grupo5\\Desafio-Relampago-Grupo5\\tests\\unit\\validators.test.ts",
      "duration": 0,
      "currentRetry": 0,
      "speed": "fast",
      "err": {}
    },
    {
      "title": "deve rejeitar hora 25:00",
      "fullTitle": "Testes de Validadores - Funções Utilitárias isValidTime Horários inválidos deve rejeitar hora 25:00",
      "file": "C:\\Programacao\\Alpha\\TypeScript\\Desafio-Relampago-Grupo5\\Desafio-Relampago-Grupo5\\tests\\unit\\validators.test.ts",
      "duration": 0,
      "currentRetry": 0,
      "speed": "fast",
      "err": {}
    },
    {
      "title": "deve rejeitar hora 24:00",
      "fullTitle": "Testes de Validadores - Funções Utilitárias isValidTime Horários inválidos deve rejeitar hora 24:00",
      "file": "C:\\Programacao\\Alpha\\TypeScript\\Desafio-Relampago-Grupo5\\Desafio-Relampago-Grupo5\\tests\\unit\\validators.test.ts",
      "duration": 0,
      "currentRetry": 0,
      "speed": "fast",
      "err": {}
    },
    {
      "title": "deve rejeitar minuto 60",
      "fullTitle": "Testes de Validadores - Funções Utilitárias isValidTime Horários inválidos deve rejeitar minuto 60",
      "file": "C:\\Programacao\\Alpha\\TypeScript\\Desafio-Relampago-Grupo5\\Desafio-Relampago-Grupo5\\tests\\unit\\validators.test.ts",
      "duration": 0,
      "currentRetry": 0,
      "speed": "fast",
      "err": {}
    },
    {
      "title": "deve rejeitar minuto maior que 59",
      "fullTitle": "Testes de Validadores - Funções Utilitárias isValidTime Horários inválidos deve rejeitar minuto maior que 59",
      "file": "C:\\Programacao\\Alpha\\TypeScript\\Desafio-Relampago-Grupo5\\Desafio-Relampago-Grupo5\\tests\\unit\\validators.test.ts",
      "duration": 0,
      "currentRetry": 0,
      "speed": "fast",
      "err": {}
    },
    {
      "title": "deve rejeitar formato sem dois pontos",
      "fullTitle": "Testes de Validadores - Funções Utilitárias isValidTime Horários inválidos deve rejeitar formato sem dois pontos",
      "file": "C:\\Programacao\\Alpha\\TypeScript\\Desafio-Relampago-Grupo5\\Desafio-Relampago-Grupo5\\tests\\unit\\validators.test.ts",
      "duration": 0,
      "currentRetry": 0,
      "speed": "fast",
      "err": {}
    },
    {
      "title": "deve rejeitar formato com um dígito na hora",
      "fullTitle": "Testes de Validadores - Funções Utilitárias isValidTime Horários inválidos deve rejeitar formato com um dígito na hora",
      "file": "C:\\Programacao\\Alpha\\TypeScript\\Desafio-Relampago-Grupo5\\Desafio-Relampago-Grupo5\\tests\\unit\\validators.test.ts",
      "duration": 0,
      "currentRetry": 0,
      "speed": "fast",
      "err": {}
    },
    {
      "title": "deve rejeitar formato com um dígito no minuto",
      "fullTitle": "Testes de Validadores - Funções Utilitárias isValidTime Horários inválidos deve rejeitar formato com um dígito no minuto",
      "file": "C:\\Programacao\\Alpha\\TypeScript\\Desafio-Relampago-Grupo5\\Desafio-Relampago-Grupo5\\tests\\unit\\validators.test.ts",
      "duration": 0,
      "currentRetry": 0,
      "speed": "fast",
      "err": {}
    },
    {
      "title": "deve rejeitar hora vazia",
      "fullTitle": "Testes de Validadores - Funções Utilitárias isValidTime Horários inválidos deve rejeitar hora vazia",
      "file": "C:\\Programacao\\Alpha\\TypeScript\\Desafio-Relampago-Grupo5\\Desafio-Relampago-Grupo5\\tests\\unit\\validators.test.ts",
      "duration": 0,
      "currentRetry": 0,
      "speed": "fast",
      "err": {}
    },
    {
      "title": "deve rejeitar hora com letras",
      "fullTitle": "Testes de Validadores - Funções Utilitárias isValidTime Horários inválidos deve rejeitar hora com letras",
      "file": "C:\\Programacao\\Alpha\\TypeScript\\Desafio-Relampago-Grupo5\\Desafio-Relampago-Grupo5\\tests\\unit\\validators.test.ts",
      "duration": 1,
      "currentRetry": 0,
      "speed": "fast",
      "err": {}
    },
    {
      "title": "deve rejeitar formato 12h (AM/PM)",
      "fullTitle": "Testes de Validadores - Funções Utilitárias isValidTime Horários inválidos deve rejeitar formato 12h (AM/PM)",
      "file": "C:\\Programacao\\Alpha\\TypeScript\\Desafio-Relampago-Grupo5\\Desafio-Relampago-Grupo5\\tests\\unit\\validators.test.ts",
      "duration": 0,
      "currentRetry": 0,
      "speed": "fast",
      "err": {}
    },
    {
      "title": "deve tratar null como inválido para email",
      "fullTitle": "Testes de Validadores - Funções Utilitárias Testes de Edge Cases deve tratar null como inválido para email",
      "file": "C:\\Programacao\\Alpha\\TypeScript\\Desafio-Relampago-Grupo5\\Desafio-Relampago-Grupo5\\tests\\unit\\validators.test.ts",
      "duration": 0,
      "currentRetry": 0,
      "speed": "fast",
      "err": {}
    },
    {
      "title": "deve tratar undefined como inválido para senha",
      "fullTitle": "Testes de Validadores - Funções Utilitárias Testes de Edge Cases deve tratar undefined como inválido para senha",
      "file": "C:\\Programacao\\Alpha\\TypeScript\\Desafio-Relampago-Grupo5\\Desafio-Relampago-Grupo5\\tests\\unit\\validators.test.ts",
      "duration": 0,
      "currentRetry": 0,
      "speed": "fast",
      "err": {}
    },
    {
      "title": "deve tratar número como inválido para CPF",
      "fullTitle": "Testes de Validadores - Funções Utilitárias Testes de Edge Cases deve tratar número como inválido para CPF",
      "file": "C:\\Programacao\\Alpha\\TypeScript\\Desafio-Relampago-Grupo5\\Desafio-Relampago-Grupo5\\tests\\unit\\validators.test.ts",
      "duration": 0,
      "currentRetry": 0,
      "speed": "fast",
      "err": {}
    },
    {
      "title": "deve validar strings com trim para email",
      "fullTitle": "Testes de Validadores - Funções Utilitárias Testes de Edge Cases deve validar strings com trim para email",
      "file": "C:\\Programacao\\Alpha\\TypeScript\\Desafio-Relampago-Grupo5\\Desafio-Relampago-Grupo5\\tests\\unit\\validators.test.ts",
      "duration": 0,
      "currentRetry": 0,
      "speed": "fast",
      "err": {}
    }
  ]
}